04/15 10:45:49.440 (+21750) <<29556>>(RTS) MonitorMode for BIN 1 = NO
04/15 10:45:49.440 (+    0) <<29556>>(RTS) LatchMonitor for BIN 1 = 1
04/15 10:45:49.441 (+    1) <<29556>>(RTS) WRITE: t01m,t01sto,t01cal,VFMIN40E,VFMIN00O,,TR,
04/15 10:45:49.551 (+  110) <<29556>>(RTS) ConfigureEx(before batsim adjustment):  NumConvIRequested = 0, NumConvIAvailable = 3, NumI = 3, NumV = 4, NumCurrentOnlyChans = 3, UseLastVAsBat = 0, HasBatterySim = 0, bHasVGens = 1.
04/15 10:45:49.551 (+    0) <<29556>>(RTS) ConfigureEx(after batsim adjustment):  NumConvIRequested = 0, NumConvIAvailable = 3, NumI = 3, NumV = 4, NumCurrentOnlyChans = 3, UseLastVAsBat = 0, HasBatterySim = 0, bHasVGens = 1.
04/15 10:45:49.554 (+    3) <<29556>>(RTS) WRITE: T01CAU,T01HD,T01AD,T02CAU,T02HD,T02AD,T03CAU,T03HD,T03AD,T04CAU,T04HD,T04AD,T05CAU,T05HD,T05AD,T06CAU,T06HD,T06AD,T07CAU,T07HD,T07AD,T08CAU,T08HD,T08AD,T09CAU,T09HD,T09AD,T10CAU,T10HD,T10AD,TR,
04/15 10:45:49.554 (+    0) <<29556>>(RTS) MonitorMode for BIN 1 = 
04/15 10:45:49.554 (+    0) <<29556>>(RTS) LatchMonitor for BIN 1 = 1
04/15 10:45:49.554 (+    0) <<29556>>(RTS) WRITE: t01m,t01sto,t01cal,VFMIN40E,VFMIN00O,,TR,
04/15 10:45:49.661 (+  107) <<29556>>(RTS) WRITE: OCA:ON,
04/15 10:45:49.836 (+  175) <<29556>>(RTS) WRITE: td2,DISON,HBOFF,HBV:OFF,v1,scale1.000,v2,scale1.000,v3,scale1.000,v4,scale1.000,c1,scale1.000,c2,scale1.000,c3,scale1.000,MAXV0.000000,MAXI0.000000,QHS,
04/15 10:45:49.868 (+   32) <<29556>>(RTS) READ: ACK;
04/15 10:45:49.983 (+  115) <<29556>>(RTS) WRITE: V1,DFLACON,DFLDCON,V2,DFLACON,DFLDCON,V3,DFLACON,DFLDCON,V4,DFLACON,DFLDCON,QHS,
04/15 10:45:49.983 (+    0) <<25144>>(RTS) Start OnUpdatePickup()
04/15 10:45:49.983 (+    0) <<29556>>(RTS) READ: ACK;
04/15 10:45:50.094 (+  111) <<29556>>(RTS) WRITE: C1,DFLACON,DFLDCON,C2,DFLACON,DFLDCON,C3,DFLACON,DFLDCON;QHS,
04/15 10:45:50.114 (+   20) <<25144>>(RTS) Start OnUpdatePickup()
04/15 10:45:50.126 (+   12) <<29556>>(RTS) READ: ACK;
04/15 10:45:50.126 (+    0) <<29556>>(RTS) WRITE: VASBAT0,T01AD,parallel1,HEARTBEAT0,
04/15 10:45:50.127 (+    1) <<29556>>(RTS) WRITE: ldlg01,
04/15 10:45:50.127 (+    0) <<29556>>(RTS) WRITE: irigb0,iwfs0,
04/15 10:45:50.210 (+   83) <<29556>>(RTS) WRITE: QRYMAX,
04/15 10:45:50.214 (+    4) <<29556>>(RTS) READ: V,300.000,300.000,300.000,150.0000,I,60.000,60.000,60.000,conti,32.000,32.000,32.000;
04/15 10:45:50.321 (+  107) <<29556>>(RTS) WRITE: QRYALL,
04/15 10:45:50.325 (+    4) <<29556>>(RTS) READ: V,0,10,0.0,0.0,0.000,60.000,0,20,0.0,0.0,0.000,60.000,0,30,0.0,0.0,0.000,60.000,0,40,0.0,0.0,360.000,60.000,I,0,11,0.0,0.0,0.000,60.000,0,21,0.0,0.0,0.000,60.000,0,31,0.0,0.0,0.000,60.000,BI,0000000000,BO,000000,EV,0,T,0.0000,T01,0.0,T02,0.0,T03,0.0,T04,0.0,T05,0.0,T06,0.0,T07,0.0,T08,0.0,T09,0.0,T10,0.0,P8000,339,P8k2,0,VDC,NA,BootCnt:84,DCAP0,Tmax,41.25,12,SMRT,SSF:NA,44.33,62.90,;
04/15 10:45:50.325 (+    0) <<29556>>(RTS) WRITE: td2,t01m,t01cal,t01HD,TR,
04/15 10:45:50.433 (+  108) <<29556>>(RTS) WRITE: qg,
04/15 10:45:50.449 (+   16) <<29556>>(RTS) READ: GATE0000;
04/15 10:45:50.449 (+    0) <<29556>>(RTS) Setting voltages to 69.000
04/15 10:45:50.449 (+    0) <<29556>>(RTS) Currents OnOff:  1 1 1 0.000000   Amplitude 0.000000 Phase
04/15 10:45:50.449 (+    0) <<29556>>(RTS) Currents OnOff:  1 1 1 0.000000   Amplitude 120.000000 Phase
04/15 10:45:50.449 (+    0) <<29556>>(RTS) Currents OnOff:  1 1 1 0.000000   Amplitude 240.000000 Phase
04/15 10:45:50.449 (+    0) <<29556>>(RTS) WRITE: v1,a69.0000,d0,p0.000,f60.000,on,v2,a69.0000,d0,p120.000,f60.000,on,v3,a69.0000,d0,p240.000,f60.000,on,v4,a0.0000,d0,f60.000,c1,a0.0000,d0,p0.000,f60.000,on,c2,a0.0000,d0,p120.000,f60.000,on,c3,a0.0000,d0,p240.000,f60.000,on,BO010,BO020,BO030,BO040,BO050,BO060;
04/15 10:45:50.449 (+    0) <<29556>>(RTS) Currents OnOff:  1 1 1 4.700000   Amplitude 0.000000 Phase
04/15 10:45:50.449 (+    0) <<29556>>(RTS) Currents OnOff:  1 1 1 4.700000   Amplitude 180.000000 Phase
04/15 10:45:50.449 (+    0) <<29556>>(RTS) Currents OnOff:  1 1 1 4.700000   Amplitude 180.000000 Phase
04/15 10:45:50.449 (+    0) <<29556>>(RTS) Setting voltages to 69.000
04/15 10:45:50.746 (+  297) <<25144>>(RTS) Start OnUpdatePickup()
04/15 10:45:50.876 (+  130) <<25144>>(RTS) Start OnUpdatePickup()
04/15 10:45:51.455 (+  579) <<29556>>(RTS) WRITE: qg,
04/15 10:45:51.471 (+   16) <<29556>>(RTS) READ: GATE0000;
04/15 10:45:51.959 (+  488) <<29556>>(RTS) WRITE: v1,a69.0000,d0,p0.000,f60.000,on,v2,a69.0000,d0,p120.000,f60.000,on,v3,a69.0000,d0,p240.000,f60.000,on,c1,a4.7000,d0,p0.000,f60.000,on,c2,a2.3500,d0,p180.000,f60.000,on,c3,a2.3500,d0,p180.000,f60.000,on,TR,TSOSTA;
04/15 10:45:52.127 (+  168) <<29556>>(RTS) WRITE: QRYALL,
04/15 10:45:52.127 (+    0) <<29556>>(RTS) READ: V,1,10,69.0049,-0.0091,0.000,60.000,1,20,68.9970,-0.2654,120.000,60.000,1,30,68.9879,-0.2394,240.000,60.000,0,40,0.0,0.0,360.000,60.000,I,1,11,0.0159,-0.0047,0.000,60.000,1,21,0.0176,0.0005,180.000,60.000,1,31,0.0169,-0.0283,180.000,60.000,BI,0000000000,BO,000000,EV,0,T,0.0972,T01,0.0,T02,0.0,T03,0.0,T04,0.0,T05,0.0,T06,0.0,T07,0.0,T08,0.0,T09,0.0,T10,0.0,P8000,433,P8k2,0,VDC,NA,BootCnt:84,DCAP0,Tmax,41.00,12,SMRT,SSF:NA,43.82,66.73,;
04/15 10:45:52.139 (+   12) <<29556>>(RTS) On changed 0 
04/15 10:45:52.139 (+    0) <<29556>>(RTS) On changed 0 
04/15 10:45:52.139 (+    0) <<29556>>(RTS) On changed 0 
04/15 10:45:52.287 (+  148) <<29556>>(RTS) WRITE: QRYALL,
04/15 10:45:52.287 (+    0) <<29556>>(RTS) READ: V,1,10,68.9999,-0.4684,0.000,60.000,1,20,68.9735,-0.5950,120.000,60.000,1,30,69.0155,-0.5287,240.000,60.000,0,40,0.0,0.0,360.000,60.000,I,1,11,4.7000,0.0341,0.000,60.000,1,21,2.3489,-0.0160,180.000,60.000,1,31,2.3505,-0.0703,180.000,60.000,BI,0000000000,BO,000000,EV,0,T,0.2565,T01,0.0,T02,0.0,T03,0.0,T04,0.0,T05,0.0,T06,0.0,T07,0.0,T08,0.0,T09,0.0,T10,0.0,P8000,434,P8k2,0,VDC,NA,BootCnt:84,DCAP0,Tmax,41.25,12,SMRT,SSF:NA,43.15,48.03,;
04/15 10:45:52.287 (+    0) <<29556>>(RTS) bInPrefaultWait = 0, PrefaultMillis = 0.000000, EventCount = -1, DeltaTime = 32, WaitTime = 500 TempTime = 111
04/15 10:45:52.447 (+  160) <<29556>>(RTS) WRITE: QRYALL,
04/15 10:45:52.447 (+    0) <<29556>>(RTS) READ: V,1,10,68.9974,-0.2853,0.000,60.000,1,20,69.0042,-0.0385,120.000,60.000,1,30,68.9774,-0.2800,240.000,60.000,0,40,0.0,0.0,360.000,60.000,I,1,11,4.6998,0.0213,0.000,60.000,1,21,2.3497,0.0056,180.000,60.000,1,31,2.3486,-0.0391,180.000,60.000,BI,0000000000,BO,000000,EV,0,T,0.4163,T01,0.0,T02,0.0,T03,0.0,T04,0.0,T05,0.0,T06,0.0,T07,0.0,T08,0.0,T09,0.0,T10,0.0,P8000,435,P8k2,0,VDC,NA,BootCnt:84,DCAP0,Tmax,41.25,12,SMRT,SSF:NA,44.15,48.88,;
04/15 10:45:52.447 (+    0) <<29556>>(RTS) bInPrefaultWait = 0, PrefaultMillis = 0.000000, EventCount = -1, DeltaTime = 191, WaitTime = 500 TempTime = 112
04/15 10:45:52.494 (+   47) <<25144>>(RTS) Start OnUpdatePickup()
04/15 10:45:52.606 (+  112) <<29556>>(RTS) WRITE: QRYALL,
04/15 10:45:52.606 (+    0) <<29556>>(RTS) READ: V,1,10,69.0033,-0.1752,0.000,60.000,1,20,69.0000,-0.3934,120.000,60.000,1,30,68.9939,0.0849,240.000,60.000,0,40,0.0,0.0,360.000,60.000,I,1,11,4.7000,0.0132,0.000,60.000,1,21,2.3500,-0.0135,180.000,60.000,1,31,2.3503,-0.0169,180.000,60.000,BI,0000000000,BO,000000,EV,0,T,0.5761,T01,0.0,T02,0.0,T03,0.0,T04,0.0,T05,0.0,T06,0.0,T07,0.0,T08,0.0,T09,0.0,T10,0.0,P8000,436,P8k2,0,VDC,NA,BootCnt:84,DCAP0,Tmax,41.25,12,SMRT,SSF:NA,43.36,47.60,;
04/15 10:45:52.606 (+    0) <<29556>>(RTS) bInPrefaultWait = 0, PrefaultMillis = 0.000000, EventCount = -1, DeltaTime = 351, WaitTime = 500 TempTime = 112
04/15 10:45:52.624 (+   18) <<25144>>(RTS) Start OnUpdatePickup()
04/15 10:45:52.765 (+  141) <<29556>>(RTS) WRITE: QRYALL,
04/15 10:45:52.767 (+    2) <<29556>>(RTS) READ: V,1,10,68.9997,-0.1090,0.000,60.000,1,20,69.0018,-0.0864,120.000,60.000,1,30,68.9926,-0.2514,240.000,60.000,0,40,0.0,0.0,360.000,60.000,I,1,11,4.6999,0.0081,0.000,60.000,1,21,2.3503,0.0012,180.000,60.000,1,31,2.3486,-0.0221,180.000,60.000,BI,0000000000,BO,000000,EV,0,T,0.7345,T01,0.0,T02,0.0,T03,0.0,T04,0.0,T05,0.0,T06,0.0,T07,0.0,T08,0.0,T09,0.0,T10,0.0,P8000,437,P8k2,0,VDC,NA,BootCnt:84,DCAP0,Tmax,41.25,12,SMRT,SSF:NA,43.23,49.30,;
04/15 10:45:52.774 (+    7) <<29556>>(RTS) bInPrefaultWait = 0, PrefaultMillis = 0.000000, EventCount = -1, DeltaTime = 510, WaitTime = 500 TempTime = 121
04/15 10:45:52.774 (+    0) <<29556>>(RTS) Inside Conditional
04/15 10:45:52.925 (+  151) <<29556>>(RTS) WRITE: QRYALL,
04/15 10:45:52.925 (+    0) <<29556>>(RTS) READ: V,1,10,68.9974,-0.0644,0.000,60.000,1,20,69.0095,-0.3193,120.000,60.000,1,30,68.9709,-0.0074,240.000,60.000,0,40,0.0,0.0,360.000,60.000,I,1,11,4.6999,0.0050,0.000,60.000,1,21,2.3506,-0.0119,180.000,60.000,1,31,2.3478,-0.0057,180.000,60.000,BI,0000000000,BO,000000,EV,0,T,0.8941,T01,0.0,T02,0.0,T03,0.0,T04,0.0,T05,0.0,T06,0.0,T07,0.0,T08,0.0,T09,0.0,T10,0.0,P8000,438,P8k2,0,VDC,NA,BootCnt:84,DCAP0,Tmax,41.25,12,SMRT,SSF:NA,43.73,49.30,;
04/15 10:45:52.925 (+    0) <<29556>>(RTS) Break
04/15 10:45:53.036 (+  111) <<29556>>(RTS) WRITE: QRYALL,
04/15 10:45:53.068 (+   32) <<29556>>(RTS) READ: V,1,10,69.0013,-0.0402,0.000,60.000,1,20,68.9967,0.0478,120.000,60.000,1,30,69.0156,-0.1907,240.000,60.000,0,40,0.0,0.0,360.000,60.000,I,1,11,4.7000,0.0031,0.000,60.000,1,21,2.3503,0.0051,180.000,60.000,1,31,2.3509,-0.0144,180.000,60.000,BI,0000000000,BO,000000,EV,0,T,1.0150,T01,0.0,T02,0.0,T03,0.0,T04,0.0,T05,0.0,T06,0.0,T07,0.0,T08,0.0,T09,0.0,T10,0.0,P8000,439,P8k2,0,VDC,NA,BootCnt:84,DCAP0,Tmax,41.25,12,SMRT,SSF:NA,43.54,49.30,;
04/15 10:45:53.068 (+    0) <<29556>>(RTS) Currents OnOff:  1 1 1 4.700000   Amplitude 0.000000 Phase
04/15 10:45:53.070 (+    2) <<29556>>(RTS) Currents OnOff:  1 1 1 4.700000   Amplitude 180.000000 Phase
04/15 10:45:53.070 (+    0) <<29556>>(RTS) Currents OnOff:  1 1 1 4.700000   Amplitude 180.000000 Phase
04/15 10:45:53.074 (+    4) <<29556>>(RTS) WRITE: c1,a4.7000,d0,p0.000,f60.000,on,c2,a2.3500,d0,p180.000,f60.000,on,c3,a2.3500,d0,p180.000,f60.000,on,TR,TSOSTA;
04/15 10:45:53.243 (+  169) <<29556>>(RTS) WRITE: QRYALL,
04/15 10:45:53.243 (+    0) <<29556>>(RTS) READ: V,1,10,69.0660,-0.7652,0.000,60.000,1,20,68.9727,-0.7336,120.000,60.000,1,30,69.0303,-0.6204,240.000,60.000,0,40,0.0,0.0,360.000,60.000,I,1,11,4.7036,0.0103,0.000,60.000,1,21,2.3503,-0.0055,180.000,60.000,1,31,2.3513,-0.0223,180.000,60.000,BI,0000000000,BO,000000,EV,0,T,0.1105,T01,0.0,T02,0.0,T03,0.0,T04,0.0,T05,0.0,T06,0.0,T07,0.0,T08,0.0,T09,0.0,T10,0.0,P8000,461,P8k2,0,VDC,NA,BootCnt:84,DCAP0,Tmax,41.25,12,SMRT,SSF:NA,43.27,65.03,;
04/15 10:45:53.402 (+  159) <<29556>>(RTS) WRITE: QRYALL,
04/15 10:45:53.402 (+    0) <<29556>>(RTS) READ: V,1,10,68.9981,-0.4696,0.000,60.000,1,20,68.9938,-0.3924,120.000,60.000,1,30,68.9969,-0.5501,240.000,60.000,0,40,0.0,0.0,360.000,60.000,I,1,11,4.7000,0.0063,0.000,60.000,1,21,2.3487,-0.0044,180.000,60.000,1,31,2.3497,-0.0179,180.000,60.000,BI,0000000000,BO,000000,EV,0,T,0.2696,T01,0.0,T02,0.0,T03,0.0,T04,0.0,T05,0.0,T06,0.0,T07,0.0,T08,0.0,T09,0.0,T10,0.0,P8000,462,P8k2,0,VDC,NA,BootCnt:84,DCAP0,Tmax,41.25,12,SMRT,SSF:NA,43.69,49.30,;
04/15 10:45:53.402 (+    0) <<29556>>(RTS) bInPrefaultWait = 0, PrefaultMillis = 0.000000, EventCount = -1, DeltaTime = 48, WaitTime = 500 TempTime = 111
04/15 10:45:53.561 (+  159) <<29556>>(RTS) WRITE: QRYALL,
04/15 10:45:53.565 (+    4) <<29556>>(RTS) READ: V,1,10,68.9975,-0.2879,0.000,60.000,1,20,68.9925,-0.2231,120.000,60.000,1,30,68.9969,0.0368,240.000,60.000,0,40,0.0,0.0,360.000,60.000,I,1,11,4.6998,0.0038,0.000,60.000,1,21,2.3502,0.0014,180.000,60.000,1,31,2.3502,0.0023,180.000,60.000,BI,0000000000,BO,000000,EV,0,T,0.4289,T01,0.0,T02,0.0,T03,0.0,T04,0.0,T05,0.0,T06,0.0,T07,0.0,T08,0.0,T09,0.0,T10,0.0,P8000,463,P8k2,0,VDC,NA,BootCnt:84,DCAP0,Tmax,41.25,12,SMRT,SSF:NA,43.61,48.03,;
04/15 10:45:53.565 (+    0) <<29556>>(RTS) bInPrefaultWait = 0, PrefaultMillis = 0.000000, EventCount = -1, DeltaTime = 207, WaitTime = 500 TempTime = 116
04/15 10:45:53.720 (+  155) <<29556>>(RTS) WRITE: QRYALL,
04/15 10:45:53.723 (+    3) <<29556>>(RTS) READ: V,1,10,69.0003,-0.1750,0.000,60.000,1,20,68.9966,-0.2259,120.000,60.000,1,30,69.0135,-0.2736,240.000,60.000,0,40,0.0,0.0,360.000,60.000,I,1,11,4.7000,0.0025,0.000,60.000,1,21,2.3491,-0.0061,180.000,60.000,1,31,2.3506,-0.0117,180.000,60.000,BI,0000000000,BO,000000,EV,0,T,0.5882,T01,0.0,T02,0.0,T03,0.0,T04,0.0,T05,0.0,T06,0.0,T07,0.0,T08,0.0,T09,0.0,T10,0.0,P8000,464,P8k2,0,VDC,NA,BootCnt:84,DCAP0,Tmax,41.25,12,SMRT,SSF:NA,43.99,48.45,;
04/15 10:45:53.723 (+    0) <<29556>>(RTS) bInPrefaultWait = 0, PrefaultMillis = 0.000000, EventCount = -1, DeltaTime = 366, WaitTime = 500 TempTime = 114
04/15 10:45:53.880 (+  157) <<29556>>(RTS) WRITE: QRYALL,
04/15 10:45:53.880 (+    0) <<29556>>(RTS) READ: V,1,10,69.0014,-0.1081,0.000,60.000,1,20,68.9913,-0.2567,120.000,60.000,1,30,68.9802,0.1030,240.000,60.000,0,40,0.0,0.0,360.000,60.000,I,1,11,4.7000,0.0015,0.000,60.000,1,21,2.3507,-0.0050,180.000,60.000,1,31,2.3494,0.0052,180.000,60.000,BI,0000000000,BO,000000,EV,0,T,0.7477,T01,0.0,T02,0.0,T03,0.0,T04,0.0,T05,0.0,T06,0.0,T07,0.0,T08,0.0,T09,0.0,T10,0.0,P8000,465,P8k2,0,VDC,NA,BootCnt:84,DCAP0,Tmax,41.25,12,SMRT,SSF:NA,43.17,48.03,;
04/15 10:45:53.880 (+    0) <<29556>>(RTS) bInPrefaultWait = 0, PrefaultMillis = 0.000000, EventCount = -1, DeltaTime = 526, WaitTime = 500 TempTime = 112
04/15 10:45:53.880 (+    0) <<29556>>(RTS) Inside Conditional
04/15 10:45:54.230 (+  350) <<29556>>(RTS) READ: ERROR: Open circuit alarm  on C2 | 
04/15 10:45:54.230 (+    0) <<29556>>(RTS) HandleError: Message: Aborting due to unexpected, non-empty response: ERROR: Open circuit alarm  on C2 | 
04/15 10:45:54.230 (+    0) <<29556>>(RTS) CDriver::Abort()
04/15 10:45:54.230 (+    0) <<29556>>(RTS) CDriver::SimpleReset()
04/15 10:45:54.341 (+  111) <<29556>>(RTS) WRITE: XU;
04/15 10:45:54.343 (+    2) <<29556>>(RTS) READ: DONE;
04/15 10:45:54.343 (+    0) <<29556>>(RTS) AllOff()
04/15 10:45:54.343 (+    0) <<29556>>(RTS) WRITE: V0C0,a0;
04/15 10:45:54.453 (+  110) <<29556>>(RTS) WRITE: QHS,
04/15 10:45:54.453 (+    0) <<29556>>(RTS) READ: ACK;
04/15 10:45:54.453 (+    0) <<29556>>(RTS) sleeping 100ms
04/15 10:45:54.564 (+  111) <<29556>>(RTS) WRITE: C0,off,V0,off;
04/15 10:45:54.565 (+    1) <<29556>>(RTS) sleeping 100ms
04/15 10:45:54.675 (+  110) <<29556>>(RTS) WRITE: V1,S,V2,S,V3,S,V4,S,C1,S,C2,S,C3,S;
04/15 10:45:54.675 (+    0) <<29556>>(RTS) sleeping 100ms
04/15 10:45:54.787 (+  112) <<29556>>(RTS) ResetVectors()
04/15 10:45:54.787 (+    0) <<29556>>(RTS) Break
04/15 10:45:54.903 (+  116) <<29556>>(RTS) WRITE: QRYALL,
04/15 10:45:54.906 (+    3) <<29556>>(RTS) READ: V,0,10,0.0,0.0,0.000,0.000,0,20,0.0,0.0,0.000,0.000,0,30,0.0,0.0,0.000,0.000,0,40,0.0,0.0,360.000,60.000,I,0,11,0.0,0.0,0.000,60.000,0,21,0.0,0.0,0.000,60.000,0,31,0.0,0.0,0.000,60.000,BI,0000000000,BO,000000,EV,0,T,0.0000,T01,0.0,T02,0.0,T03,0.0,T04,0.0,T05,0.0,T06,0.0,T07,0.0,T08,0.0,T09,0.0,T10,0.0,P8000,492,P8k2,0,VDC,NA,BootCnt:84,DCAP0,Tmax,41.25,12,SMRT,SSF:NA,43.68,66.73,;
04/15 10:45:54.906 (+    0) <<29556>>(RTS) CDriver::SimpleReset()
04/15 10:45:55.014 (+  108) <<29556>>(RTS) WRITE: XU;
04/15 10:45:55.014 (+    0) <<29556>>(RTS) READ: DONE;
04/15 10:45:55.014 (+    0) <<29556>>(RTS) ResetVectors()
04/15 10:45:55.023 (+    9) <<29556>>(RTS) Start OnUpdatePickup()
