04/10 11:34:52.921 (+221924) <<56308>>(RTS) MonitorMode for BIN 1 = NO
04/10 11:34:52.921 (+    0) <<56308>>(RTS) LatchMonitor for BIN 1 = 1
04/10 11:34:52.921 (+    0) <<56308>>(RTS) WRITE: t01m,t01sto,t01cal,VFMIN40E,VFMIN00O,,TR,
04/10 11:34:53.034 (+  113) <<56308>>(RTS) ConfigureEx(before batsim adjustment):  NumConvIRequested = 0, NumConvIAvailable = 3, NumI = 3, NumV = 4, NumCurrentOnlyChans = 3, UseLastVAsBat = 0, HasBatterySim = 0, bHasVGens = 1.
04/10 11:34:53.034 (+    0) <<56308>>(RTS) ConfigureEx(after batsim adjustment):  NumConvIRequested = 0, NumConvIAvailable = 3, NumI = 3, NumV = 4, NumCurrentOnlyChans = 3, UseLastVAsBat = 0, HasBatterySim = 0, bHasVGens = 1.
04/10 11:34:53.035 (+    1) <<56308>>(RTS) WRITE: T01CAU,T01HD,T01AD,T02CAU,T02HD,T02AD,T03CAU,T03HD,T03AD,T04CAU,T04HD,T04AD,T05CAU,T05HD,T05AD,T06CAU,T06HD,T06AD,T07CAU,T07HD,T07AD,T08CAU,T08HD,T08AD,T09CAU,T09HD,T09AD,T10CAU,T10HD,T10AD,TR,
04/10 11:34:53.035 (+    0) <<56308>>(RTS) MonitorMode for BIN 1 = 
04/10 11:34:53.035 (+    0) <<56308>>(RTS) LatchMonitor for BIN 1 = 1
04/10 11:34:53.036 (+    1) <<56308>>(RTS) WRITE: t01m,t01sto,t01cal,VFMIN40E,VFMIN00O,,TR,
04/10 11:34:53.128 (+   92) <<23420>>(RTS) Start OnUpdatePickup()
04/10 11:34:53.143 (+   15) <<56308>>(RTS) WRITE: OCA:ON,
04/10 11:34:53.255 (+  112) <<23420>>(RTS) Start OnUpdatePickup()
04/10 11:34:53.319 (+   64) <<56308>>(RTS) WRITE: td2,DISON,HBOFF,HBV:OFF,v1,scale1.000,v2,scale1.000,v3,scale1.000,v4,scale1.000,c1,scale1.000,c2,scale1.000,c3,scale1.000,MAXV0.000000,MAXI0.000000,QHS,
04/10 11:34:53.350 (+   31) <<56308>>(RTS) READ: ACK;
04/10 11:34:53.461 (+  111) <<56308>>(RTS) WRITE: V1,DFLACON,DFLDCON,V2,DFLACON,DFLDCON,V3,DFLACON,DFLDCON,V4,DFLACON,DFLDCON,QHS,
04/10 11:34:53.467 (+    6) <<56308>>(RTS) READ: ACK;
04/10 11:34:53.572 (+  105) <<56308>>(RTS) WRITE: C1,DFLACON,DFLDCON,C2,DFLACON,DFLDCON,C3,DFLACON,DFLDCON;QHS,
04/10 11:34:53.604 (+   32) <<56308>>(RTS) READ: ACK;
04/10 11:34:53.604 (+    0) <<56308>>(RTS) WRITE: VASBAT0,T01AD,parallel1,HEARTBEAT0,
04/10 11:34:53.604 (+    0) <<56308>>(RTS) WRITE: ldlg01,
04/10 11:34:53.604 (+    0) <<56308>>(RTS) WRITE: irigb0,iwfs0,
04/10 11:34:53.717 (+  113) <<56308>>(RTS) WRITE: QRYMAX,
04/10 11:34:53.717 (+    0) <<56308>>(RTS) READ: V,300.000,300.000,300.000,150.0000,I,60.000,60.000,60.000,conti,32.000,32.000,32.000;
04/10 11:34:53.828 (+  111) <<56308>>(RTS) WRITE: QRYALL,
04/10 11:34:53.828 (+    0) <<56308>>(RTS) READ: V,0,10,0.0,0.0,0.000,60.000,0,20,0.0,0.0,120.000,60.000,0,30,0.0,0.0,240.000,60.000,0,40,0.0,0.0,360.000,60.000,I,0,11,0.0,0.0,60.000,60.000,0,21,0.0,0.0,60.000,60.000,0,31,0.0,0.0,240.000,60.000,BI,0000000000,BO,000000,EV,0,T,0.0000,T01,0.0,T02,0.0,T03,0.0,T04,0.0,T05,0.0,T06,0.0,T07,0.0,T08,0.0,T09,0.0,T10,0.0,P8000,1059,P8k2,0,VDC,NA,BootCnt:51,DCAP0,Tmax,39.50,12,SMRT,SSF:NA,44.76,64.60,;
04/10 11:34:53.828 (+    0) <<56308>>(RTS) WRITE: td2,t01m,t01cal,t01HD,TR,
04/10 11:34:53.939 (+  111) <<56308>>(RTS) WRITE: qg,
04/10 11:34:53.955 (+   16) <<56308>>(RTS) READ: GATE0000;
04/10 11:34:53.955 (+    0) <<56308>>(RTS) Setting voltages to 69.000
04/10 11:34:53.955 (+    0) <<56308>>(RTS) Currents OnOff:  1 1 1 0.000000   Amplitude 0.000000 Phase
04/10 11:34:53.955 (+    0) <<56308>>(RTS) Currents OnOff:  1 1 1 0.000000   Amplitude 120.000000 Phase
04/10 11:34:53.955 (+    0) <<56308>>(RTS) Currents OnOff:  1 1 1 0.000000   Amplitude 240.000000 Phase
04/10 11:34:53.955 (+    0) <<56308>>(RTS) WRITE: v1,a69.0000,d0,p0.000,f60.000,on,v2,a69.0000,d0,p120.000,f60.000,on,v3,a69.0000,d0,p240.000,f60.000,on,v4,off,c1,a0.0000,d0,p0.000,f60.000,on,c2,a0.0000,d0,p120.000,f60.000,on,c3,a0.0000,d0,p240.000,f60.000,on;
04/10 11:34:53.955 (+    0) <<56308>>(RTS) Currents OnOff:  1 1 1 4.700000   Amplitude 0.000000 Phase
04/10 11:34:53.955 (+    0) <<56308>>(RTS) Currents OnOff:  1 1 1 4.700000   Amplitude 180.000000 Phase
04/10 11:34:53.955 (+    0) <<56308>>(RTS) Currents OnOff:  1 1 1 4.700000   Amplitude 180.000000 Phase
04/10 11:34:53.955 (+    0) <<56308>>(RTS) Setting voltages to 69.000
04/10 11:34:54.400 (+  445) <<23420>>(RTS) Start OnUpdatePickup()
04/10 11:34:54.526 (+  126) <<23420>>(RTS) Start OnUpdatePickup()
04/10 11:34:54.956 (+  430) <<56308>>(RTS) WRITE: qg,
04/10 11:34:54.971 (+   15) <<56308>>(RTS) READ: GATE0000;
04/10 11:34:55.465 (+  494) <<56308>>(RTS) WRITE: v1,a69.0000,d0,p0.000,f60.000,on,v2,a69.0000,d0,p120.000,f60.000,on,v3,a69.0000,d0,p240.000,f60.000,on,c1,a4.7000,d0,p0.000,f60.000,on,c2,a2.3500,d0,p180.000,f60.000,on,c3,a2.3500,d0,p180.000,f60.000,on,TR,TSOSTA;
04/10 11:34:55.645 (+  180) <<56308>>(RTS) WRITE: QRYALL,
04/10 11:34:55.645 (+    0) <<56308>>(RTS) READ: V,1,10,69.0356,-0.7632,0.000,60.000,1,20,68.9931,-0.8053,120.000,60.000,1,30,69.0377,-0.8027,240.000,60.000,0,40,0.0,0.0,360.000,60.000,I,1,11,4.7016,-0.0110,0.000,60.000,1,21,2.3501,-0.0328,180.000,60.000,1,31,2.3519,0.0012,180.000,60.000,BI,0000000000,BO,000000,EV,0,T,0.1102,T01,0.0,T02,0.0,T03,0.0,T04,0.0,T05,0.0,T06,0.0,T07,0.0,T08,0.0,T09,0.0,T10,0.0,P8000,1145,P8k2,0,VDC,NA,BootCnt:51,DCAP0,Tmax,39.50,12,SMRT,SSF:NA,43.38,64.60,;
04/10 11:34:55.803 (+  158) <<56308>>(RTS) WRITE: QRYALL,
04/10 11:34:55.803 (+    0) <<56308>>(RTS) READ: V,1,10,69.0001,-0.4745,0.000,60.000,1,20,69.0039,-0.1859,120.000,60.000,1,30,68.9799,-0.1819,240.000,60.000,0,40,0.0,0.0,360.000,60.000,I,1,11,4.6999,-0.0071,0.000,60.000,1,21,2.3496,-0.0104,180.000,60.000,1,31,2.3500,0.0139,180.000,60.000,BI,0000000000,BO,000000,EV,0,T,0.2684,T01,0.0,T02,0.0,T03,0.0,T04,0.0,T05,0.0,T06,0.0,T07,0.0,T08,0.0,T09,0.0,T10,0.0,P8000,1146,P8k2,0,VDC,NA,BootCnt:51,DCAP0,Tmax,39.50,12,SMRT,SSF:NA,43.22,49.30,;
04/10 11:34:55.803 (+    0) <<56308>>(RTS) bInPrefaultWait = 0, PrefaultMillis = 0.000000, EventCount = -1, DeltaTime = 47, WaitTime = 500 TempTime = 111
04/10 11:34:55.972 (+  169) <<56308>>(RTS) WRITE: QRYALL,
04/10 11:34:55.979 (+    7) <<56308>>(RTS) READ: V,1,10,69.0028,-0.2818,0.000,60.000,1,20,69.0016,-0.5192,120.000,60.000,1,30,69.0208,-0.1477,240.000,60.000,0,40,0.0,0.0,360.000,60.000,I,1,11,4.7003,-0.0041,0.000,60.000,1,21,2.3502,-0.0231,180.000,60.000,1,31,2.3501,0.0045,180.000,60.000,BI,0000000000,BO,000000,EV,0,T,0.4381,T01,0.0,T02,0.0,T03,0.0,T04,0.0,T05,0.0,T06,0.0,T07,0.0,T08,0.0,T09,0.0,T10,0.0,P8000,1147,P8k2,0,VDC,NA,BootCnt:51,DCAP0,Tmax,39.50,12,SMRT,SSF:NA,43.20,48.88,;
04/10 11:34:55.979 (+    0) <<56308>>(RTS) bInPrefaultWait = 0, PrefaultMillis = 0.000000, EventCount = -1, DeltaTime = 207, WaitTime = 500 TempTime = 127
04/10 11:34:56.132 (+  153) <<56308>>(RTS) WRITE: QRYALL,
04/10 11:34:56.132 (+    0) <<56308>>(RTS) READ: V,1,10,68.9976,-0.1721,0.000,60.000,1,20,68.9973,-0.0972,120.000,60.000,1,30,69.0079,-0.3504,240.000,60.000,0,40,0.0,0.0,360.000,60.000,I,1,11,4.6998,-0.0027,0.000,60.000,1,21,2.3503,-0.0026,180.000,60.000,1,31,2.3503,-0.0054,180.000,60.000,BI,0000000000,BO,000000,EV,0,T,0.5970,T01,0.0,T02,0.0,T03,0.0,T04,0.0,T05,0.0,T06,0.0,T07,0.0,T08,0.0,T09,0.0,T10,0.0,P8000,1148,P8k2,0,VDC,NA,BootCnt:51,DCAP0,Tmax,39.50,12,SMRT,SSF:NA,44.07,48.45,;
04/10 11:34:56.132 (+    0) <<56308>>(RTS) bInPrefaultWait = 0, PrefaultMillis = 0.000000, EventCount = -1, DeltaTime = 375, WaitTime = 500 TempTime = 112
04/10 11:34:56.291 (+  159) <<56308>>(RTS) WRITE: QRYALL,
04/10 11:34:56.292 (+    1) <<56308>>(RTS) READ: V,1,10,69.0058,-0.0916,0.000,60.000,1,20,69.0156,-0.1652,120.000,60.000,1,30,68.9709,-0.1990,240.000,60.000,0,40,0.0,0.0,360.000,60.000,I,1,11,4.7002,-0.0014,0.000,60.000,1,21,2.3502,-0.0091,180.000,60.000,1,31,2.3500,-0.0021,180.000,60.000,BI,0000000000,BO,000000,EV,0,T,0.7559,T01,0.0,T02,0.0,T03,0.0,T04,0.0,T05,0.0,T06,0.0,T07,0.0,T08,0.0,T09,0.0,T10,0.0,P8000,1149,P8k2,0,VDC,NA,BootCnt:51,DCAP0,Tmax,39.50,12,SMRT,SSF:NA,43.60,48.03,;
04/10 11:34:56.292 (+    0) <<56308>>(RTS) bInPrefaultWait = 0, PrefaultMillis = 0.000000, EventCount = -1, DeltaTime = 535, WaitTime = 500 TempTime = 112
04/10 11:34:56.292 (+    0) <<56308>>(RTS) Inside Conditional
04/10 11:34:56.450 (+  158) <<56308>>(RTS) WRITE: QRYALL,
04/10 11:34:56.450 (+    0) <<56308>>(RTS) READ: V,1,10,68.9949,-0.0562,0.000,60.000,1,20,68.9804,-0.3039,120.000,60.000,1,30,69.0320,-0.0214,240.000,60.000,0,40,0.0,0.0,360.000,60.000,I,1,11,4.6998,-0.0009,0.000,60.000,1,21,2.3497,-0.0121,180.000,60.000,1,31,2.3501,0.0001,180.000,60.000,BI,0000000000,BO,000000,EV,0,T,0.9149,T01,0.0,T02,0.0,T03,0.0,T04,0.0,T05,0.0,T06,0.0,T07,0.0,T08,0.0,T09,0.0,T10,0.0,P8000,1150,P8k2,0,VDC,NA,BootCnt:51,DCAP0,Tmax,39.50,12,SMRT,SSF:NA,43.09,48.03,;
04/10 11:34:56.450 (+    0) <<56308>>(RTS) Break
04/10 11:34:56.561 (+  111) <<56308>>(RTS) WRITE: QRYALL,
04/10 11:34:56.569 (+    8) <<56308>>(RTS) READ: V,1,10,68.9998,-0.0374,0.000,60.000,1,20,68.9954,0.0009,120.000,60.000,1,30,68.9509,0.0137,240.000,60.000,0,40,0.0,0.0,360.000,60.000,I,1,11,4.7001,-0.0006,0.000,60.000,1,21,2.3501,0.0018,180.000,60.000,1,31,2.3496,0.0045,180.000,60.000,BI,0000000000,BO,000000,EV,0,T,1.0256,T01,0.0,T02,0.0,T03,0.0,T04,0.0,T05,0.0,T06,0.0,T07,0.0,T08,0.0,T09,0.0,T10,0.0,P8000,1151,P8k2,0,VDC,NA,BootCnt:51,DCAP0,Tmax,39.50,12,SMRT,SSF:NA,43.55,47.60,;
04/10 11:34:56.570 (+    1) <<56308>>(RTS) Currents OnOff:  1 1 1 4.700000   Amplitude 0.000000 Phase
04/10 11:34:56.570 (+    0) <<56308>>(RTS) Currents OnOff:  1 1 1 4.700000   Amplitude 180.000000 Phase
04/10 11:34:56.570 (+    0) <<56308>>(RTS) Currents OnOff:  1 1 1 4.700000   Amplitude 180.000000 Phase
04/10 11:34:56.570 (+    0) <<56308>>(RTS) WRITE: c1,a4.7000,d0,p0.000,f60.000,on,c2,a2.3500,d0,p180.000,f60.000,on,c3,a2.3500,d0,p180.000,f60.000,on,TR,TSOSTA;
04/10 11:34:56.740 (+  170) <<56308>>(RTS) WRITE: QRYALL,
04/10 11:34:56.740 (+    0) <<56308>>(RTS) READ: V,1,10,69.0344,-0.7649,0.000,60.000,1,20,68.9888,-0.8591,120.000,60.000,1,30,69.0461,-0.6385,240.000,60.000,0,40,0.0,0.0,360.000,60.000,I,1,11,4.7013,-0.0020,0.000,60.000,1,21,2.3498,-0.0155,180.000,60.000,1,31,2.3510,0.0026,180.000,60.000,BI,0000000000,BO,000000,EV,0,T,0.1089,T01,0.0,T02,0.0,T03,0.0,T04,0.0,T05,0.0,T06,0.0,T07,0.0,T08,0.0,T09,0.0,T10,0.0,P8000,1173,P8k2,0,VDC,NA,BootCnt:51,DCAP0,Tmax,39.50,12,SMRT,SSF:NA,43.45,64.60,;
04/10 11:34:56.899 (+  159) <<56308>>(RTS) WRITE: QRYALL,
04/10 11:34:56.899 (+    0) <<56308>>(RTS) READ: V,1,10,69.0002,-0.4672,0.000,60.000,1,20,69.0167,-0.3771,120.000,60.000,1,30,69.0034,-0.1094,240.000,60.000,0,40,0.0,0.0,360.000,60.000,I,1,11,4.7001,-0.0013,0.000,60.000,1,21,2.3504,-0.0006,180.000,60.000,1,31,2.3501,0.0105,180.000,60.000,BI,0000000000,BO,000000,EV,0,T,0.2675,T01,0.0,T02,0.0,T03,0.0,T04,0.0,T05,0.0,T06,0.0,T07,0.0,T08,0.0,T09,0.0,T10,0.0,P8000,1174,P8k2,0,VDC,NA,BootCnt:51,DCAP0,Tmax,39.50,12,SMRT,SSF:NA,43.77,48.45,;
04/10 11:34:56.899 (+    0) <<56308>>(RTS) bInPrefaultWait = 0, PrefaultMillis = 0.000000, EventCount = -1, DeltaTime = 48, WaitTime = 500 TempTime = 111
04/10 11:34:57.058 (+  159) <<56308>>(RTS) WRITE: QRYALL,
04/10 11:34:57.058 (+    0) <<56308>>(RTS) READ: V,1,10,69.0005,-0.2890,0.000,60.000,1,20,68.9744,-0.0609,120.000,60.000,1,30,68.9994,-0.3990,240.000,60.000,0,40,0.0,0.0,360.000,60.000,I,1,11,4.7001,-0.0009,0.000,60.000,1,21,2.3492,0.0033,180.000,60.000,1,31,2.3501,-0.0070,180.000,60.000,BI,0000000000,BO,000000,EV,0,T,0.4271,T01,0.0,T02,0.0,T03,0.0,T04,0.0,T05,0.0,T06,0.0,T07,0.0,T08,0.0,T09,0.0,T10,0.0,P8000,1175,P8k2,0,VDC,NA,BootCnt:51,DCAP0,Tmax,39.75,12,SMRT,SSF:NA,44.25,48.03,;
04/10 11:34:57.058 (+    0) <<56308>>(RTS) bInPrefaultWait = 0, PrefaultMillis = 0.000000, EventCount = -1, DeltaTime = 207, WaitTime = 500 TempTime = 111
04/10 11:34:57.217 (+  159) <<56308>>(RTS) WRITE: QRYALL,
04/10 11:34:57.220 (+    3) <<56308>>(RTS) READ: V,1,10,68.9986,-0.1728,0.000,60.000,1,20,69.0129,-0.4192,120.000,60.000,1,30,68.9830,-0.1757,240.000,60.000,0,40,0.0,0.0,360.000,60.000,I,1,11,4.7000,-0.0005,0.000,60.000,1,21,2.3511,-0.0121,180.000,60.000,1,31,2.3489,0.0012,180.000,60.000,BI,0000000000,BO,000000,EV,0,T,0.5859,T01,0.0,T02,0.0,T03,0.0,T04,0.0,T05,0.0,T06,0.0,T07,0.0,T08,0.0,T09,0.0,T10,0.0,P8000,1176,P8k2,0,VDC,NA,BootCnt:51,DCAP0,Tmax,39.75,12,SMRT,SSF:NA,43.18,48.45,;
04/10 11:34:57.220 (+    0) <<56308>>(RTS) bInPrefaultWait = 0, PrefaultMillis = 0.000000, EventCount = -1, DeltaTime = 366, WaitTime = 500 TempTime = 114
04/10 11:34:57.377 (+  157) <<56308>>(RTS) WRITE: QRYALL,
04/10 11:34:57.377 (+    0) <<56308>>(RTS) READ: V,1,10,68.9944,-0.1029,0.000,60.000,1,20,69.0100,-0.1108,120.000,60.000,1,30,69.0227,-0.1750,240.000,60.000,0,40,0.0,0.0,360.000,60.000,I,1,11,4.6997,-0.0002,0.000,60.000,1,21,2.3506,0.0009,180.000,60.000,1,31,2.3518,-0.0042,180.000,60.000,BI,0000000000,BO,000000,EV,0,T,0.7455,T01,0.0,T02,0.0,T03,0.0,T04,0.0,T05,0.0,T06,0.0,T07,0.0,T08,0.0,T09,0.0,T10,0.0,P8000,1177,P8k2,0,VDC,NA,BootCnt:51,DCAP0,Tmax,39.75,12,SMRT,SSF:NA,43.30,47.60,;
04/10 11:34:57.377 (+    0) <<56308>>(RTS) bInPrefaultWait = 0, PrefaultMillis = 0.000000, EventCount = -1, DeltaTime = 525, WaitTime = 500 TempTime = 112
04/10 11:34:57.377 (+    0) <<56308>>(RTS) Inside Conditional
04/10 11:34:57.536 (+  159) <<56308>>(RTS) WRITE: QRYALL,
04/10 11:34:57.536 (+    0) <<56308>>(RTS) READ: V,1,10,69.0010,-0.0556,0.000,60.000,1,20,68.9980,-0.0431,120.000,60.000,1,30,69.0164,-0.2481,240.000,60.000,0,40,0.0,0.0,360.000,60.000,I,1,11,4.7000,-0.0002,0.000,60.000,1,21,2.3495,-0.0020,180.000,60.000,1,31,2.3507,-0.0083,180.000,60.000,BI,0000000000,BO,000000,EV,0,T,0.9050,T01,0.0,T02,0.0,T03,0.0,T04,0.0,T05,0.0,T06,0.0,T07,0.0,T08,0.0,T09,0.0,T10,0.0,P8000,1178,P8k2,0,VDC,NA,BootCnt:51,DCAP0,Tmax,39.75,12,SMRT,SSF:NA,43.22,48.03,;
04/10 11:34:57.536 (+    0) <<56308>>(RTS) Break
04/10 11:34:57.647 (+  111) <<56308>>(RTS) WRITE: QRYALL,
04/10 11:34:57.647 (+    0) <<56308>>(RTS) READ: V,1,10,68.9981,-0.0373,0.000,60.000,1,20,69.0043,-0.3197,120.000,60.000,1,30,68.9951,0.2340,240.000,60.000,0,40,0.0,0.0,360.000,60.000,I,1,11,4.7000,-0.0001,0.000,60.000,1,21,2.3507,-0.0119,180.000,60.000,1,31,2.3500,0.0103,180.000,60.000,BI,0000000000,BO,000000,EV,0,T,1.0171,T01,0.0,T02,0.0,T03,0.0,T04,0.0,T05,0.0,T06,0.0,T07,0.0,T08,0.0,T09,0.0,T10,0.0,P8000,1179,P8k2,0,VDC,NA,BootCnt:51,DCAP0,Tmax,39.75,12,SMRT,SSF:NA,43.13,48.88,;
04/10 11:34:57.647 (+    0) <<56308>>(RTS) Currents OnOff:  1 1 1 4.750000   Amplitude 0.000000 Phase
04/10 11:34:57.647 (+    0) <<56308>>(RTS) Currents OnOff:  1 1 1 4.750000   Amplitude 180.000000 Phase
04/10 11:34:57.647 (+    0) <<56308>>(RTS) Currents OnOff:  1 1 1 4.750000   Amplitude 180.000000 Phase
04/10 11:34:57.647 (+    0) <<56308>>(RTS) WRITE: c1,a4.7500,d0,p0.000,f60.000,on,c2,a2.3750,d0,p180.000,f60.000,on,c3,a2.3750,d0,p180.000,f60.000,on,TR,TSOSTA;
04/10 11:34:57.823 (+  176) <<56308>>(RTS) WRITE: QRYALL,
04/10 11:34:57.831 (+    8) <<56308>>(RTS) READ: V,1,10,69.0370,-0.7627,0.000,60.000,1,20,68.9981,-0.0588,120.000,60.000,1,30,69.0303,-0.3583,240.000,60.000,0,40,0.0,0.0,360.000,60.000,I,1,11,4.7513,-0.0004,0.000,60.000,1,21,2.3502,0.0006,180.000,60.000,1,31,2.3773,0.0099,180.000,60.000,BI,0000000000,BO,000000,EV,0,T,0.1046,T01,0.0,T02,0.0,T03,0.0,T04,0.0,T05,0.0,T06,0.0,T07,0.0,T08,0.0,T09,0.0,T10,0.0,P8000,1201,P8k2,0,VDC,NA,BootCnt:51,DCAP0,Tmax,39.75,12,SMRT,SSF:NA,43.78,64.60,;
04/10 11:34:57.982 (+  151) <<56308>>(RTS) WRITE: QRYALL,
04/10 11:34:57.986 (+    4) <<56308>>(RTS) READ: V,1,10,69.0034,-0.4683,0.000,60.000,1,20,68.9891,-0.6679,120.000,60.000,1,30,69.0528,-0.4289,240.000,60.000,0,40,0.0,0.0,360.000,60.000,I,1,11,4.7500,-0.0003,0.000,60.000,1,21,2.3748,-0.0104,180.000,60.000,1,31,2.3757,-0.0039,180.000,60.000,BI,0000000000,BO,000000,EV,0,T,0.2641,T01,0.0,T02,0.0,T03,0.0,T04,0.0,T05,0.0,T06,0.0,T07,0.0,T08,0.0,T09,0.0,T10,0.0,P8000,1202,P8k2,0,VDC,NA,BootCnt:51,DCAP0,Tmax,39.50,12,SMRT,SSF:NA,43.30,48.45,;
04/10 11:34:57.986 (+    0) <<56308>>(RTS) bInPrefaultWait = 0, PrefaultMillis = 0.000000, EventCount = -1, DeltaTime = 37, WaitTime = 500 TempTime = 116
04/10 11:34:58.142 (+  156) <<56308>>(RTS) WRITE: QRYALL,
04/10 11:34:58.142 (+    0) <<56308>>(RTS) READ: V,1,10,68.9983,-0.2845,0.000,60.000,1,20,68.9927,-0.1699,120.000,60.000,1,30,68.9915,-0.4168,240.000,60.000,0,40,0.0,0.0,360.000,60.000,I,1,11,4.7500,-0.0002,0.000,60.000,1,21,2.3752,0.0060,180.000,60.000,1,31,2.3748,-0.0060,180.000,60.000,BI,0000000000,BO,000000,EV,0,T,0.4236,T01,0.0,T02,0.0,T03,0.0,T04,0.0,T05,0.0,T06,0.0,T07,0.0,T08,0.0,T09,0.0,T10,0.0,P8000,1203,P8k2,0,VDC,NA,BootCnt:51,DCAP0,Tmax,39.50,12,SMRT,SSF:NA,43.31,48.03,;
04/10 11:34:58.142 (+    0) <<56308>>(RTS) bInPrefaultWait = 0, PrefaultMillis = 0.000000, EventCount = -1, DeltaTime = 197, WaitTime = 500 TempTime = 112
04/10 11:34:58.301 (+  159) <<56308>>(RTS) WRITE: QRYALL,
04/10 11:34:58.301 (+    0) <<56308>>(RTS) READ: V,1,10,69.0045,-0.1736,0.000,60.000,1,20,69.0172,-0.0374,120.000,60.000,1,30,68.9958,0.1240,240.000,60.000,0,40,0.0,0.0,360.000,60.000,I,1,11,4.7502,-0.0002,0.000,60.000,1,21,2.3748,0.0030,180.000,60.000,1,31,2.3753,0.0101,180.000,60.000,BI,0000000000,BO,000000,EV,0,T,0.5829,T01,0.0,T02,0.0,T03,0.0,T04,0.0,T05,0.0,T06,0.0,T07,0.0,T08,0.0,T09,0.0,T10,0.0,P8000,1204,P8k2,0,VDC,NA,BootCnt:51,DCAP0,Tmax,39.50,12,SMRT,SSF:NA,43.37,48.03,;
04/10 11:34:58.301 (+    0) <<56308>>(RTS) bInPrefaultWait = 0, PrefaultMillis = 0.000000, EventCount = -1, DeltaTime = 357, WaitTime = 500 TempTime = 111
04/10 11:34:58.461 (+  160) <<56308>>(RTS) WRITE: QRYALL,
04/10 11:34:58.461 (+    0) <<56308>>(RTS) READ: V,1,10,68.9972,-0.1059,0.000,60.000,1,20,68.9961,-0.3570,120.000,60.000,1,30,68.9895,-0.3247,240.000,60.000,0,40,0.0,0.0,360.000,60.000,I,1,11,4.7499,-0.0000,0.000,60.000,1,21,2.3754,-0.0106,180.000,60.000,1,31,2.3747,-0.0082,180.000,60.000,BI,0000000000,BO,000000,EV,0,T,0.7424,T01,0.0,T02,0.0,T03,0.0,T04,0.0,T05,0.0,T06,0.0,T07,0.0,T08,0.0,T09,0.0,T10,0.0,P8000,1205,P8k2,0,VDC,NA,BootCnt:51,DCAP0,Tmax,39.50,12,SMRT,SSF:NA,43.48,48.03,;
04/10 11:34:58.461 (+    0) <<56308>>(RTS) bInPrefaultWait = 0, PrefaultMillis = 0.000000, EventCount = -1, DeltaTime = 516, WaitTime = 500 TempTime = 112
04/10 11:34:58.461 (+    0) <<56308>>(RTS) Inside Conditional
04/10 11:34:58.619 (+  158) <<56308>>(RTS) WRITE: QRYALL,
04/10 11:34:58.626 (+    7) <<56308>>(RTS) READ: V,1,10,68.9990,-0.0615,0.000,60.000,1,20,69.0033,0.1677,120.000,60.000,1,30,68.9625,-0.2122,240.000,60.000,0,40,0.0,0.0,360.000,60.000,I,1,11,4.7500,0.0002,0.000,60.000,1,21,2.3751,0.0105,180.000,60.000,1,31,2.3742,-0.0046,180.000,60.000,BI,0000000000,BO,000000,EV,0,T,0.9012,T01,0.0,T02,0.0,T03,0.0,T04,0.0,T05,0.0,T06,0.0,T07,0.0,T08,0.0,T09,0.0,T10,0.0,P8000,1206,P8k2,0,VDC,NA,BootCnt:51,DCAP0,Tmax,39.50,12,SMRT,SSF:NA,43.20,47.60,;
04/10 11:34:58.629 (+    3) <<56308>>(RTS) Break
04/10 11:34:59.048 (+  419) <<56308>>(RTS) READ: ERROR: Deviation alarm on C1 | ERROR: Deviation alarm on C2 | 
04/10 11:34:59.048 (+    0) <<56308>>(RTS) HandleError: Message: Aborting due to unexpected, non-empty response: ERROR: Deviation alarm on C1 | ERROR: Deviation alarm on C2 | 
04/10 11:34:59.048 (+    0) <<56308>>(RTS) CDriver::Abort()
04/10 11:34:59.048 (+    0) <<56308>>(RTS) CDriver::SimpleReset()
04/10 11:34:59.160 (+  112) <<56308>>(RTS) WRITE: XU;
04/10 11:34:59.160 (+    0) <<56308>>(RTS) READ: DONE;
04/10 11:34:59.160 (+    0) <<56308>>(RTS) AllOff()
04/10 11:34:59.160 (+    0) <<56308>>(RTS) WRITE: V0C0,a0;
04/10 11:34:59.271 (+  111) <<56308>>(RTS) WRITE: QHS,
04/10 11:34:59.271 (+    0) <<56308>>(RTS) READ: ACK;
04/10 11:34:59.271 (+    0) <<56308>>(RTS) sleeping 100ms
04/10 11:34:59.383 (+  112) <<56308>>(RTS) WRITE: C0,off,V0,off;
04/10 11:34:59.383 (+    0) <<56308>>(RTS) sleeping 100ms
04/10 11:34:59.494 (+  111) <<56308>>(RTS) WRITE: V1,S,V2,S,V3,S,V4,S,C1,S,C2,S,C3,S;
04/10 11:34:59.494 (+    0) <<56308>>(RTS) sleeping 100ms
04/10 11:34:59.604 (+  110) <<56308>>(RTS) ResetVectors()
04/10 11:34:59.604 (+    0) <<56308>>(RTS) CDriver::SimpleReset()
04/10 11:34:59.716 (+  112) <<56308>>(RTS) WRITE: XU;
04/10 11:34:59.716 (+    0) <<56308>>(RTS) READ: DONE;
04/10 11:34:59.716 (+    0) <<56308>>(RTS) ResetVectors()
04/10 11:34:59.763 (+   47) <<56308>>(RTS) Start OnUpdatePickup()
04/10 11:35:03.033 (+ 3270) <<56308>>(RTS) MonitorMode for BIN 1 = NO
04/10 11:35:03.033 (+    0) <<56308>>(RTS) LatchMonitor for BIN 1 = 0
04/10 11:35:03.033 (+    0) <<56308>>(RTS) WRITE: t01m,t01sto,t01cau,VFMIN40E,VFMIN00O,,TR,
04/10 11:35:03.144 (+  111) <<56308>>(RTS) ConfigureEx(before batsim adjustment):  NumConvIRequested = 0, NumConvIAvailable = 3, NumI = 3, NumV = 4, NumCurrentOnlyChans = 3, UseLastVAsBat = 0, HasBatterySim = 0, bHasVGens = 1.
04/10 11:35:03.144 (+    0) <<56308>>(RTS) ConfigureEx(after batsim adjustment):  NumConvIRequested = 0, NumConvIAvailable = 3, NumI = 3, NumV = 4, NumCurrentOnlyChans = 3, UseLastVAsBat = 0, HasBatterySim = 0, bHasVGens = 1.
04/10 11:35:03.255 (+  111) <<56308>>(RTS) WRITE: BIV:1:0;
04/10 11:35:03.255 (+    0) <<56308>>(RTS) READ: OK;
04/10 11:35:03.367 (+  112) <<56308>>(RTS) WRITE: BIV:2:0;
04/10 11:35:03.367 (+    0) <<56308>>(RTS) READ: OK;
04/10 11:35:03.479 (+  112) <<56308>>(RTS) WRITE: QHS,
04/10 11:35:03.479 (+    0) <<56308>>(RTS) READ: ACK;
04/10 11:35:03.479 (+    0) <<56308>>(RTS) Sleeping 500 ms followed by RE; due to BIV status change...
04/10 11:35:03.590 (+  111) <<23420>>(RTS) Start OnUpdatePickup()
04/10 11:35:03.717 (+  127) <<23420>>(RTS) Start OnUpdatePickup()
04/10 11:35:03.989 (+  272) <<56308>>(RTS) WRITE: RE;
04/10 11:35:03.989 (+    0) <<56308>>(RTS) WRITE: T01CAU,T01HD,T01AD,T02CAU,T02HD,T02AD,T03CAU,T03HD,T03AD,T04CAU,T04HD,T04AD,T05CAU,T05HD,T05AD,T06CAU,T06HD,T06AD,T07CAU,T07HD,T07AD,T08CAU,T08HD,T08AD,T09CAU,T09HD,T09AD,T10CAU,T10HD,T10AD,TR,
04/10 11:35:03.989 (+    0) <<56308>>(RTS) MonitorMode for BIN 1 = 
04/10 11:35:03.989 (+    0) <<56308>>(RTS) LatchMonitor for BIN 1 = 1
04/10 11:35:03.989 (+    0) <<56308>>(RTS) WRITE: t01m,t01sto,t01cal,VFMIN40E,VFMIN00O,,TR,
04/10 11:35:04.101 (+  112) <<56308>>(RTS) WRITE: OCA:ON,
04/10 11:35:04.276 (+  175) <<56308>>(RTS) WRITE: td2,DISON,HBOFF,HBV:OFF,v1,scale1.000,v2,scale1.000,v3,scale1.000,v4,scale1.000,c1,scale1.000,c2,scale1.000,c3,scale1.000,MAXV0.000000,MAXI0.000000,QHS,
04/10 11:35:04.307 (+   31) <<56308>>(RTS) READ: ACK;
04/10 11:35:04.418 (+  111) <<56308>>(RTS) WRITE: V1,DFLACON,DFLDCON,V2,DFLACON,DFLDCON,V3,DFLACON,DFLDCON,V4,DFLACON,DFLDCON,QHS,
04/10 11:35:04.418 (+    0) <<56308>>(RTS) READ: ACK;
04/10 11:35:04.529 (+  111) <<56308>>(RTS) WRITE: C1,DFLACON,DFLDCON,C2,DFLACON,DFLDCON,C3,DFLACON,DFLDCON;QHS,
04/10 11:35:04.561 (+   32) <<56308>>(RTS) READ: ACK;
04/10 11:35:04.561 (+    0) <<56308>>(RTS) WRITE: VASBAT0,T01AD,parallel1,HEARTBEAT0,
04/10 11:35:04.561 (+    0) <<56308>>(RTS) WRITE: ldlg01,
04/10 11:35:04.561 (+    0) <<56308>>(RTS) WRITE: irigb0,iwfs0,
04/10 11:35:04.672 (+  111) <<56308>>(RTS) WRITE: QRYMAX,
04/10 11:35:04.672 (+    0) <<56308>>(RTS) READ: V,300.000,300.000,300.000,150.0000,I,60.000,60.000,60.000,conti,32.000,32.000,32.000;
04/10 11:35:04.783 (+  111) <<56308>>(RTS) WRITE: QRYALL,
04/10 11:35:04.783 (+    0) <<56308>>(RTS) READ: V,0,10,0.0,0.0,0.000,0.000,0,20,0.0,0.0,0.000,0.000,0,30,0.0,0.0,0.000,0.000,0,40,0.0,0.0,360.000,60.000,I,0,11,0.0,0.0,0.000,60.000,0,21,0.0,0.0,0.000,60.000,0,31,0.0,0.0,0.000,60.000,BI,0000000000,BO,000000,EV,0,T,0.0000,T01,0.0,T02,0.0,T03,0.0,T04,0.0,T05,0.0,T06,0.0,T07,0.0,T08,0.0,T09,0.0,T10,0.0,P8000,1336,P8k2,0,VDC,NA,BootCnt:51,DCAP0,Tmax,39.75,12,SMRT,SSF:NA,43.87,67.15,;
04/10 11:35:04.783 (+    0) <<56308>>(RTS) WRITE: td2,t01m,t01cal,t01HD,TR,
04/10 11:35:04.893 (+  110) <<56308>>(RTS) WRITE: qg,
04/10 11:35:04.909 (+   16) <<56308>>(RTS) READ: GATE0000;
04/10 11:35:04.915 (+    6) <<56308>>(RTS) Setting voltages to 69.000
04/10 11:35:04.915 (+    0) <<56308>>(RTS) Currents OnOff:  1 1 1 0.000000   Amplitude 0.000000 Phase
04/10 11:35:04.915 (+    0) <<56308>>(RTS) Currents OnOff:  1 1 1 0.000000   Amplitude 120.000000 Phase
04/10 11:35:04.915 (+    0) <<56308>>(RTS) Currents OnOff:  1 1 1 0.000000   Amplitude 240.000000 Phase
04/10 11:35:04.915 (+    0) <<56308>>(RTS) WRITE: v1,a69.0000,d0,p0.000,f60.000,on,v2,a69.0000,d0,p120.000,f60.000,on,v3,a69.0000,d0,p240.000,f60.000,on,v4,off,c1,a0.0000,d0,p0.000,f60.000,on,c2,a0.0000,d0,p120.000,f60.000,on,c3,a0.0000,d0,p240.000,f60.000,on,BO010,BO020,BO030,BO040,BO050,BO060;
04/10 11:35:04.915 (+    0) <<56308>>(RTS) Currents OnOff:  1 1 1 4.700000   Amplitude 0.000000 Phase
04/10 11:35:04.915 (+    0) <<56308>>(RTS) Currents OnOff:  1 1 1 4.700000   Amplitude 180.000000 Phase
04/10 11:35:04.915 (+    0) <<56308>>(RTS) Currents OnOff:  1 1 1 4.700000   Amplitude 180.000000 Phase
04/10 11:35:04.915 (+    0) <<56308>>(RTS) Setting voltages to 69.000
04/10 11:35:05.355 (+  440) <<23420>>(RTS) Start OnUpdatePickup()
04/10 11:35:05.482 (+  127) <<23420>>(RTS) Start OnUpdatePickup()
04/10 11:35:05.921 (+  439) <<56308>>(RTS) WRITE: qg,
04/10 11:35:05.937 (+   16) <<56308>>(RTS) READ: GATE0000;
04/10 11:35:06.418 (+  481) <<56308>>(RTS) WRITE: v1,a69.0000,d0,p0.000,f60.000,on,v2,a69.0000,d0,p120.000,f60.000,on,v3,a69.0000,d0,p240.000,f60.000,on,c1,a4.7000,d0,p0.000,f60.000,on,c2,a2.3500,d0,p180.000,f60.000,on,c3,a2.3500,d0,p180.000,f60.000,on,TR,TSOSTA;
04/10 11:35:06.594 (+  176) <<56308>>(RTS) WRITE: QRYALL,
04/10 11:35:06.594 (+    0) <<56308>>(RTS) READ: V,1,10,69.0356,-0.7633,0.000,60.000,1,20,68.9883,-0.9490,120.000,60.000,1,30,69.0567,-0.7825,240.000,60.000,0,40,0.0,0.0,360.000,60.000,I,1,11,4.7013,0.0186,0.000,60.000,1,21,2.3498,-0.0029,180.000,60.000,1,31,2.3521,-0.0171,180.000,60.000,BI,0000000000,BO,000000,EV,0,T,0.1067,T01,0.0,T02,0.0,T03,0.0,T04,0.0,T05,0.0,T06,0.0,T07,0.0,T08,0.0,T09,0.0,T10,0.0,P8000,1428,P8k2,0,VDC,NA,BootCnt:51,DCAP0,Tmax,39.50,12,SMRT,SSF:NA,43.45,66.73,;
04/10 11:35:06.758 (+  164) <<56308>>(RTS) WRITE: QRYALL,
04/10 11:35:06.758 (+    0) <<56308>>(RTS) READ: V,1,10,69.0011,-0.4762,0.000,60.000,1,20,69.0133,-0.2726,120.000,60.000,1,30,68.9822,-0.3378,240.000,60.000,0,40,0.0,0.0,360.000,60.000,I,1,11,4.7001,0.0113,0.000,60.000,1,21,2.3507,0.0132,180.000,60.000,1,31,2.3482,-0.0027,180.000,60.000,BI,0000000001,BO,000000,EV,0,T,0.2525,T01,0.0,T02,0.0,T03,0.0,T04,0.0,T05,0.0,T06,0.0,T07,0.0,T08,0.0,T09,0.0,T10,0.0,P8000,1429,P8k2,0,VDC,NA,BootCnt:51,DCAP0,Tmax,39.50,12,SMRT,SSF:NA,43.41,48.45,;
04/10 11:35:06.758 (+    0) <<56308>>(RTS) bInPrefaultWait = 0, PrefaultMillis = 0.000000, EventCount = -1, DeltaTime = 48, WaitTime = 500 TempTime = 115
04/10 11:35:06.758 (+    0) <<56308>>(RTS) Currents OnOff:  1 1 1 4.700000   Amplitude 0.000000 Phase
04/10 11:35:06.758 (+    0) <<56308>>(RTS) Currents OnOff:  1 1 1 4.700000   Amplitude 180.000000 Phase
04/10 11:35:06.758 (+    0) <<56308>>(RTS) Currents OnOff:  1 1 1 4.700000   Amplitude 180.000000 Phase
04/10 11:35:06.769 (+   11) <<56308>>(RTS) WRITE: c1,a4.7000,d0,p0.000,f60.000,on,c2,a2.3500,d0,p180.000,f60.000,on,c3,a2.3500,d0,p180.000,f60.000,on,TR,TSOSTA;
04/10 11:35:06.931 (+  162) <<56308>>(RTS) WRITE: QRYALL,
04/10 11:35:06.936 (+    5) <<56308>>(RTS) READ: V,1,10,69.0328,-0.7651,0.000,60.000,1,20,69.0199,-0.7465,120.000,60.000,1,30,69.0528,-0.3494,240.000,60.000,0,40,0.0,0.0,360.000,60.000,I,1,11,4.7011,0.0111,0.000,60.000,1,21,2.3506,-0.0001,180.000,60.000,1,31,2.3524,0.0046,180.000,60.000,BI,0000000001,BO,000000,EV,0,T,0.0001,T01,0.0,T02,0.0,T03,0.0,T04,0.0,T05,0.0,T06,0.0,T07,0.0,T08,0.0,T09,0.0,T10,0.0,P8000,1451,P8k2,0,VDC,NA,BootCnt:51,DCAP0,Tmax,39.50,12,SMRT,SSF:NA,43.34,64.18,;
04/10 11:35:07.090 (+  154) <<56308>>(RTS) WRITE: QRYALL,
04/10 11:35:07.090 (+    0) <<56308>>(RTS) READ: V,1,10,69.0023,-0.4689,0.000,60.000,1,20,68.9814,-0.5106,120.000,60.000,1,30,69.0193,-0.3964,240.000,60.000,0,40,0.0,0.0,360.000,60.000,I,1,11,4.7001,0.0069,0.000,60.000,1,21,2.3493,0.0006,180.000,60.000,1,31,2.3492,-0.0062,180.000,60.000,BI,0000000001,BO,000000,EV,0,T,0.0001,T01,0.0,T02,0.0,T03,0.0,T04,0.0,T05,0.0,T06,0.0,T07,0.0,T08,0.0,T09,0.0,T10,0.0,P8000,1452,P8k2,0,VDC,NA,BootCnt:51,DCAP0,Tmax,39.50,12,SMRT,SSF:NA,43.33,48.03,;
04/10 11:35:07.090 (+    0) <<56308>>(RTS) bInPrefaultWait = 0, PrefaultMillis = 0.000000, EventCount = -1, DeltaTime = 42, WaitTime = 500 TempTime = 112
04/10 11:35:07.090 (+    0) <<56308>>(RTS) AllOff()
04/10 11:35:07.090 (+    0) <<56308>>(RTS) WRITE: V0C0,a0;
04/10 11:35:07.201 (+  111) <<56308>>(RTS) WRITE: QHS,
04/10 11:35:07.201 (+    0) <<56308>>(RTS) READ: ACK;
04/10 11:35:07.201 (+    0) <<56308>>(RTS) sleeping 100ms
04/10 11:35:07.312 (+  111) <<56308>>(RTS) WRITE: C0,off,V0,off;
04/10 11:35:07.312 (+    0) <<56308>>(RTS) sleeping 100ms
04/10 11:35:07.424 (+  112) <<56308>>(RTS) WRITE: V1,S,V2,S,V3,S,V4,S,C1,S,C2,S,C3,S;
04/10 11:35:07.424 (+    0) <<56308>>(RTS) sleeping 100ms
04/10 11:35:07.536 (+  112) <<56308>>(RTS) AllOff()
04/10 11:35:07.536 (+    0) <<56308>>(RTS) WRITE: V0C0,a0;
04/10 11:35:07.647 (+  111) <<56308>>(RTS) WRITE: QHS,
04/10 11:35:07.647 (+    0) <<56308>>(RTS) READ: ACK;
04/10 11:35:07.647 (+    0) <<56308>>(RTS) sleeping 100ms
04/10 11:35:07.758 (+  111) <<56308>>(RTS) WRITE: C0,off,V0,off;
04/10 11:35:07.758 (+    0) <<56308>>(RTS) sleeping 100ms
04/10 11:35:07.870 (+  112) <<56308>>(RTS) WRITE: V1,S,V2,S,V3,S,V4,S,C1,S,C2,S,C3,S;
04/10 11:35:07.870 (+    0) <<56308>>(RTS) sleeping 100ms
04/10 11:35:07.996 (+  126) <<56308>>(RTS) Start OnUpdatePickup()
04/10 11:35:11.748 (+ 3752) <<56308>>(RTS) MonitorMode for BIN 1 = NO
04/10 11:35:11.748 (+    0) <<56308>>(RTS) LatchMonitor for BIN 1 = 1
04/10 11:35:11.748 (+    0) <<56308>>(RTS) WRITE: t01m,t01sto,t01cal,VFMIN40E,VFMIN00O,,TR,
04/10 11:35:11.858 (+  110) <<56308>>(RTS) ConfigureEx(before batsim adjustment):  NumConvIRequested = 0, NumConvIAvailable = 3, NumI = 3, NumV = 4, NumCurrentOnlyChans = 3, UseLastVAsBat = 0, HasBatterySim = 0, bHasVGens = 1.
04/10 11:35:11.858 (+    0) <<56308>>(RTS) ConfigureEx(after batsim adjustment):  NumConvIRequested = 0, NumConvIAvailable = 3, NumI = 3, NumV = 4, NumCurrentOnlyChans = 3, UseLastVAsBat = 0, HasBatterySim = 0, bHasVGens = 1.
04/10 11:35:11.858 (+    0) <<56308>>(RTS) WRITE: T01CAU,T01HD,T01AD,T02CAU,T02HD,T02AD,T03CAU,T03HD,T03AD,T04CAU,T04HD,T04AD,T05CAU,T05HD,T05AD,T06CAU,T06HD,T06AD,T07CAU,T07HD,T07AD,T08CAU,T08HD,T08AD,T09CAU,T09HD,T09AD,T10CAU,T10HD,T10AD,TR,
04/10 11:35:11.858 (+    0) <<56308>>(RTS) MonitorMode for BIN 1 = 
04/10 11:35:11.858 (+    0) <<56308>>(RTS) LatchMonitor for BIN 1 = 1
04/10 11:35:11.858 (+    0) <<56308>>(RTS) WRITE: t01m,t01sto,t01cal,VFMIN40E,VFMIN00O,,TR,
04/10 11:35:11.970 (+  112) <<56308>>(RTS) WRITE: OCA:ON,
04/10 11:35:11.970 (+    0) <<23420>>(RTS) Start OnUpdatePickup()
04/10 11:35:12.099 (+  129) <<23420>>(RTS) Start OnUpdatePickup()
04/10 11:35:12.145 (+   46) <<56308>>(RTS) WRITE: td2,DISON,HBOFF,HBV:OFF,v1,scale1.000,v2,scale1.000,v3,scale1.000,v4,scale1.000,c1,scale1.000,c2,scale1.000,c3,scale1.000,MAXV0.000000,MAXI0.000000,QHS,
04/10 11:35:12.177 (+   32) <<56308>>(RTS) READ: ACK;
04/10 11:35:12.288 (+  111) <<56308>>(RTS) WRITE: V1,DFLACON,DFLDCON,V2,DFLACON,DFLDCON,V3,DFLACON,DFLDCON,V4,DFLACON,DFLDCON,QHS,
04/10 11:35:12.288 (+    0) <<56308>>(RTS) READ: ACK;
04/10 11:35:12.399 (+  111) <<56308>>(RTS) WRITE: C1,DFLACON,DFLDCON,C2,DFLACON,DFLDCON,C3,DFLACON,DFLDCON;QHS,
04/10 11:35:12.431 (+   32) <<56308>>(RTS) READ: ACK;
04/10 11:35:12.431 (+    0) <<56308>>(RTS) WRITE: VASBAT0,T01AD,parallel1,HEARTBEAT0,
04/10 11:35:12.431 (+    0) <<56308>>(RTS) WRITE: ldlg01,
04/10 11:35:12.431 (+    0) <<56308>>(RTS) WRITE: irigb0,iwfs0,
04/10 11:35:12.543 (+  112) <<56308>>(RTS) WRITE: QRYMAX,
04/10 11:35:12.544 (+    1) <<56308>>(RTS) READ: V,300.000,300.000,300.000,150.0000,I,60.000,60.000,60.000,conti,32.000,32.000,32.000;
04/10 11:35:12.654 (+  110) <<56308>>(RTS) WRITE: QRYALL,
04/10 11:35:12.654 (+    0) <<56308>>(RTS) READ: V,0,10,0.0,0.0,0.000,60.000,0,20,0.0,0.0,120.000,60.000,0,30,0.0,0.0,240.000,60.000,0,40,0.0,0.0,360.000,60.000,I,0,11,0.0,0.0,0.000,60.000,0,21,0.0,0.0,180.000,60.000,0,31,0.0,0.0,180.000,60.000,BI,0000000000,BO,000000,EV,0,T,0.0000,T01,0.0,T02,0.0,T03,0.0,T04,0.0,T05,0.0,T06,0.0,T07,0.0,T08,0.0,T09,0.0,T10,0.0,P8000,1598,P8k2,0,VDC,NA,BootCnt:51,DCAP0,Tmax,39.75,12,SMRT,SSF:NA,43.47,64.18,;
04/10 11:35:12.654 (+    0) <<56308>>(RTS) WRITE: td2,t01m,t01cal,t01HD,TR,
04/10 11:35:12.766 (+  112) <<56308>>(RTS) WRITE: qg,
04/10 11:35:12.782 (+   16) <<56308>>(RTS) READ: GATE0000;
04/10 11:35:12.782 (+    0) <<56308>>(RTS) Setting voltages to 69.000
04/10 11:35:12.782 (+    0) <<56308>>(RTS) Currents OnOff:  1 1 1 0.000000   Amplitude 0.000000 Phase
04/10 11:35:12.782 (+    0) <<56308>>(RTS) Currents OnOff:  1 1 1 0.000000   Amplitude 120.000000 Phase
04/10 11:35:12.782 (+    0) <<56308>>(RTS) Currents OnOff:  1 1 1 0.000000   Amplitude 240.000000 Phase
04/10 11:35:12.784 (+    2) <<56308>>(RTS) WRITE: v1,a69.0000,d0,p0.000,f60.000,on,v2,a69.0000,d0,p120.000,f60.000,on,v3,a69.0000,d0,p240.000,f60.000,on,v4,off,c1,a0.0000,d0,p0.000,f60.000,on,c2,a0.0000,d0,p120.000,f60.000,on,c3,a0.0000,d0,p240.000,f60.000,on;
04/10 11:35:12.784 (+    0) <<56308>>(RTS) Currents OnOff:  1 1 1 4.700000   Amplitude 0.000000 Phase
04/10 11:35:12.784 (+    0) <<56308>>(RTS) Currents OnOff:  1 1 1 4.700000   Amplitude 180.000000 Phase
04/10 11:35:12.784 (+    0) <<56308>>(RTS) Currents OnOff:  1 1 1 4.700000   Amplitude 180.000000 Phase
04/10 11:35:12.784 (+    0) <<56308>>(RTS) Setting voltages to 69.000
04/10 11:35:13.226 (+  442) <<23420>>(RTS) Start OnUpdatePickup()
04/10 11:35:13.355 (+  129) <<23420>>(RTS) Start OnUpdatePickup()
04/10 11:35:13.800 (+  445) <<56308>>(RTS) WRITE: qg,
04/10 11:35:13.816 (+   16) <<56308>>(RTS) READ: GATE0000;
04/10 11:35:14.295 (+  479) <<56308>>(RTS) WRITE: v1,a69.0000,d0,p0.000,f60.000,on,v2,a69.0000,d0,p120.000,f60.000,on,v3,a69.0000,d0,p240.000,f60.000,on,c1,a4.7000,d0,p0.000,f60.000,on,c2,a2.3500,d0,p180.000,f60.000,on,c3,a2.3500,d0,p180.000,f60.000,on,TR,TSOSTA;
04/10 11:35:14.470 (+  175) <<56308>>(RTS) WRITE: QRYALL,
04/10 11:35:14.470 (+    0) <<56308>>(RTS) READ: V,1,10,69.0314,-0.7720,0.000,60.000,1,20,69.0023,-0.8104,120.000,60.000,1,30,69.0724,-0.4701,240.000,60.000,0,40,0.0,0.0,360.000,60.000,I,1,11,4.7016,0.0044,0.000,60.000,1,21,2.3498,0.0065,180.000,60.000,1,31,2.3516,0.0083,180.000,60.000,BI,0000000000,BO,000000,EV,0,T,0.1056,T01,0.0,T02,0.0,T03,0.0,T04,0.0,T05,0.0,T06,0.0,T07,0.0,T08,0.0,T09,0.0,T10,0.0,P8000,1684,P8k2,0,VDC,NA,BootCnt:51,DCAP0,Tmax,39.75,12,SMRT,SSF:NA,43.73,65.03,;
04/10 11:35:14.628 (+  158) <<56308>>(RTS) WRITE: QRYALL,
04/10 11:35:14.628 (+    0) <<56308>>(RTS) READ: V,1,10,68.9923,-0.4616,0.000,60.000,1,20,68.9971,-0.1106,120.000,60.000,1,30,68.9580,-0.1958,240.000,60.000,0,40,0.0,0.0,360.000,60.000,I,1,11,4.6997,0.0031,0.000,60.000,1,21,2.3505,0.0178,180.000,60.000,1,31,2.3490,0.0059,180.000,60.000,BI,0000000000,BO,000000,EV,0,T,0.2622,T01,0.0,T02,0.0,T03,0.0,T04,0.0,T05,0.0,T06,0.0,T07,0.0,T08,0.0,T09,0.0,T10,0.0,P8000,1685,P8k2,0,VDC,NA,BootCnt:51,DCAP0,Tmax,39.75,12,SMRT,SSF:NA,43.16,48.45,;
04/10 11:35:14.628 (+    0) <<56308>>(RTS) bInPrefaultWait = 0, PrefaultMillis = 0.000000, EventCount = -1, DeltaTime = 47, WaitTime = 500 TempTime = 111
04/10 11:35:14.786 (+  158) <<56308>>(RTS) WRITE: QRYALL,
04/10 11:35:14.786 (+    0) <<56308>>(RTS) READ: V,1,10,69.0058,-0.2891,0.000,60.000,1,20,68.9971,-0.4677,120.000,60.000,1,30,68.9881,-0.4533,240.000,60.000,0,40,0.0,0.0,360.000,60.000,I,1,11,4.7003,0.0017,0.000,60.000,1,21,2.3494,-0.0061,180.000,60.000,1,31,2.3498,-0.0083,180.000,60.000,BI,0000000000,BO,000000,EV,0,T,0.4203,T01,0.0,T02,0.0,T03,0.0,T04,0.0,T05,0.0,T06,0.0,T07,0.0,T08,0.0,T09,0.0,T10,0.0,P8000,1686,P8k2,0,VDC,NA,BootCnt:51,DCAP0,Tmax,39.75,12,SMRT,SSF:NA,43.60,48.03,;
04/10 11:35:14.786 (+    0) <<56308>>(RTS) bInPrefaultWait = 0, PrefaultMillis = 0.000000, EventCount = -1, DeltaTime = 205, WaitTime = 500 TempTime = 110
04/10 11:35:14.945 (+  159) <<56308>>(RTS) WRITE: QRYALL,
04/10 11:35:14.949 (+    4) <<56308>>(RTS) READ: V,1,10,68.9960,-0.1708,0.000,60.000,1,20,69.0060,-0.1816,120.000,60.000,1,30,69.0341,-0.0023,240.000,60.000,0,40,0.0,0.0,360.000,60.000,I,1,11,4.6998,0.0012,0.000,60.000,1,21,2.3502,0.0036,180.000,60.000,1,31,2.3505,0.0072,180.000,60.000,BI,0000000000,BO,000000,EV,0,T,0.5798,T01,0.0,T02,0.0,T03,0.0,T04,0.0,T05,0.0,T06,0.0,T07,0.0,T08,0.0,T09,0.0,T10,0.0,P8000,1687,P8k2,0,VDC,NA,BootCnt:51,DCAP0,Tmax,39.75,12,SMRT,SSF:NA,43.41,48.03,;
04/10 11:35:14.949 (+    0) <<56308>>(RTS) bInPrefaultWait = 0, PrefaultMillis = 0.000000, EventCount = -1, DeltaTime = 363, WaitTime = 500 TempTime = 115
04/10 11:35:15.103 (+  154) <<56308>>(RTS) WRITE: QRYALL,
04/10 11:35:15.111 (+    8) <<56308>>(RTS) READ: V,1,10,68.9955,-0.1076,0.000,60.000,1,20,68.9905,0.2150,120.000,60.000,1,30,68.9812,-0.2698,240.000,60.000,0,40,0.0,0.0,360.000,60.000,I,1,11,4.6998,0.0007,0.000,60.000,1,21,2.3497,0.0146,180.000,60.000,1,31,2.3498,-0.0077,180.000,60.000,BI,0000000000,BO,000000,EV,0,T,0.7376,T01,0.0,T02,0.0,T03,0.0,T04,0.0,T05,0.0,T06,0.0,T07,0.0,T08,0.0,T09,0.0,T10,0.0,P8000,1688,P8k2,0,VDC,NA,BootCnt:51,DCAP0,Tmax,39.75,12,SMRT,SSF:NA,43.71,49.30,;
04/10 11:35:15.111 (+    0) <<56308>>(RTS) bInPrefaultWait = 0, PrefaultMillis = 0.000000, EventCount = -1, DeltaTime = 522, WaitTime = 500 TempTime = 118
04/10 11:35:15.111 (+    0) <<56308>>(RTS) Inside Conditional
04/10 11:35:15.262 (+  151) <<56308>>(RTS) WRITE: QRYALL,
04/10 11:35:15.264 (+    2) <<56308>>(RTS) READ: V,1,10,68.9970,-0.0617,0.000,60.000,1,20,68.9958,-0.3321,120.000,60.000,1,30,68.9989,-0.2877,240.000,60.000,0,40,0.0,0.0,360.000,60.000,I,1,11,4.7000,0.0007,0.000,60.000,1,21,2.3500,-0.0105,180.000,60.000,1,31,2.3502,-0.0088,180.000,60.000,BI,0000000000,BO,000000,EV,0,T,0.8966,T01,0.0,T02,0.0,T03,0.0,T04,0.0,T05,0.0,T06,0.0,T07,0.0,T08,0.0,T09,0.0,T10,0.0,P8000,1689,P8k2,0,VDC,NA,BootCnt:51,DCAP0,Tmax,39.75,12,SMRT,SSF:NA,43.34,48.45,;
04/10 11:35:15.264 (+    0) <<56308>>(RTS) Break
04/10 11:35:15.374 (+  110) <<56308>>(RTS) WRITE: QRYALL,
04/10 11:35:15.374 (+    0) <<56308>>(RTS) READ: V,1,10,69.0066,-0.0445,0.000,60.000,1,20,69.0003,-0.0979,120.000,60.000,1,30,69.0081,0.1975,240.000,60.000,0,40,0.0,0.0,360.000,60.000,I,1,11,4.7003,0.0002,0.000,60.000,1,21,2.3495,0.0004,180.000,60.000,1,31,2.3502,0.0081,180.000,60.000,BI,0000000000,BO,000000,EV,0,T,1.0080,T01,0.0,T02,0.0,T03,0.0,T04,0.0,T05,0.0,T06,0.0,T07,0.0,T08,0.0,T09,0.0,T10,0.0,P8000,1690,P8k2,0,VDC,NA,BootCnt:51,DCAP0,Tmax,40.00,12,SMRT,SSF:NA,43.34,47.60,;
04/10 11:35:15.374 (+    0) <<56308>>(RTS) Currents OnOff:  1 1 1 4.700000   Amplitude 0.000000 Phase
04/10 11:35:15.374 (+    0) <<56308>>(RTS) Currents OnOff:  1 1 1 4.700000   Amplitude 180.000000 Phase
04/10 11:35:15.374 (+    0) <<56308>>(RTS) Currents OnOff:  1 1 1 4.700000   Amplitude 180.000000 Phase
04/10 11:35:15.374 (+    0) <<56308>>(RTS) WRITE: c1,a4.7000,d0,p0.000,f60.000,on,c2,a2.3500,d0,p180.000,f60.000,on,c3,a2.3500,d0,p180.000,f60.000,on,TR,TSOSTA;
04/10 11:35:15.564 (+  190) <<56308>>(RTS) WRITE: QRYALL,
04/10 11:35:15.565 (+    1) <<56308>>(RTS) READ: V,1,10,69.0327,-0.7636,0.000,60.000,1,20,69.0058,-0.6275,120.000,60.000,1,30,69.0462,-0.3623,240.000,60.000,0,40,0.0,0.0,360.000,60.000,I,1,11,4.7011,0.0010,0.000,60.000,1,21,2.3499,0.0000,180.000,60.000,1,31,2.3511,0.0077,180.000,60.000,BI,0000000000,BO,000000,EV,0,T,0.1179,T01,0.0,T02,0.0,T03,0.0,T04,0.0,T05,0.0,T06,0.0,T07,0.0,T08,0.0,T09,0.0,T10,0.0,P8000,1712,P8k2,0,VDC,NA,BootCnt:51,DCAP0,Tmax,40.00,12,SMRT,SSF:NA,44.32,64.18,;
04/10 11:35:15.726 (+  161) <<56308>>(RTS) WRITE: QRYALL,
04/10 11:35:15.726 (+    0) <<56308>>(RTS) READ: V,1,10,68.9986,-0.4718,0.000,60.000,1,20,68.9894,-0.5168,120.000,60.000,1,30,68.9861,-0.5484,240.000,60.000,0,40,0.0,0.0,360.000,60.000,I,1,11,4.7001,0.0004,0.000,60.000,1,21,2.3495,-0.0025,180.000,60.000,1,31,2.3494,-0.0087,180.000,60.000,BI,0000000000,BO,000000,EV,0,T,0.2807,T01,0.0,T02,0.0,T03,0.0,T04,0.0,T05,0.0,T06,0.0,T07,0.0,T08,0.0,T09,0.0,T10,0.0,P8000,1713,P8k2,0,VDC,NA,BootCnt:51,DCAP0,Tmax,40.00,12,SMRT,SSF:NA,43.09,48.45,;
04/10 11:35:15.726 (+    0) <<56308>>(RTS) bInPrefaultWait = 0, PrefaultMillis = 0.000000, EventCount = -1, DeltaTime = 47, WaitTime = 500 TempTime = 115
04/10 11:35:15.890 (+  164) <<56308>>(RTS) WRITE: QRYALL,
04/10 11:35:15.890 (+    0) <<56308>>(RTS) READ: V,1,10,68.9980,-0.2841,0.000,60.000,1,20,69.0133,0.0915,120.000,60.000,1,30,69.0222,-0.2828,240.000,60.000,0,40,0.0,0.0,360.000,60.000,I,1,11,4.6999,0.0005,0.000,60.000,1,21,2.3512,0.0134,180.000,60.000,1,31,2.3512,-0.0004,180.000,60.000,BI,0000000000,BO,000000,EV,0,T,0.4439,T01,0.0,T02,0.0,T03,0.0,T04,0.0,T05,0.0,T06,0.0,T07,0.0,T08,0.0,T09,0.0,T10,0.0,P8000,1714,P8k2,0,VDC,NA,BootCnt:51,DCAP0,Tmax,40.00,12,SMRT,SSF:NA,43.23,48.45,;
04/10 11:35:15.890 (+    0) <<56308>>(RTS) bInPrefaultWait = 0, PrefaultMillis = 0.000000, EventCount = -1, DeltaTime = 210, WaitTime = 500 TempTime = 116
04/10 11:35:16.054 (+  164) <<56308>>(RTS) WRITE: QRYALL,
04/10 11:35:16.062 (+    8) <<56308>>(RTS) READ: V,1,10,69.0004,-0.1504,0.000,60.000,1,20,69.0017,-0.3418,120.000,60.000,1,30,69.0097,0.0905,240.000,60.000,0,40,0.0,0.0,360.000,60.000,I,1,11,4.7000,0.0001,0.000,60.000,1,21,2.3496,-0.0091,180.000,60.000,1,31,2.3501,0.0075,180.000,60.000,BI,0000000000,BO,000000,EV,0,T,0.6078,T01,0.0,T02,0.0,T03,0.0,T04,0.0,T05,0.0,T06,0.0,T07,0.0,T08,0.0,T09,0.0,T10,0.0,P8000,1715,P8k2,0,VDC,NA,BootCnt:51,DCAP0,Tmax,40.00,12,SMRT,SSF:NA,43.25,47.60,;
04/10 11:35:16.062 (+    0) <<56308>>(RTS) bInPrefaultWait = 0, PrefaultMillis = 0.000000, EventCount = -1, DeltaTime = 373, WaitTime = 500 TempTime = 125
04/10 11:35:16.213 (+  151) <<56308>>(RTS) WRITE: QRYALL,
04/10 11:35:16.213 (+    0) <<56308>>(RTS) READ: V,1,10,68.9945,-0.0878,0.000,60.000,1,20,68.9962,0.0789,120.000,60.000,1,30,68.9850,0.0169,240.000,60.000,0,40,0.0,0.0,360.000,60.000,I,1,11,4.6998,0.0003,0.000,60.000,1,21,2.3497,0.0088,180.000,60.000,1,31,2.3493,0.0015,180.000,60.000,BI,0000000000,BO,000000,EV,0,T,0.7672,T01,0.0,T02,0.0,T03,0.0,T04,0.0,T05,0.0,T06,0.0,T07,0.0,T08,0.0,T09,0.0,T10,0.0,P8000,1716,P8k2,0,VDC,NA,BootCnt:51,DCAP0,Tmax,39.75,12,SMRT,SSF:NA,43.64,48.03,;
04/10 11:35:16.213 (+    0) <<56308>>(RTS) bInPrefaultWait = 0, PrefaultMillis = 0.000000, EventCount = -1, DeltaTime = 537, WaitTime = 500 TempTime = 112
04/10 11:35:16.213 (+    0) <<56308>>(RTS) Inside Conditional
04/10 11:35:16.372 (+  159) <<56308>>(RTS) WRITE: QRYALL,
04/10 11:35:16.373 (+    1) <<56308>>(RTS) READ: V,1,10,69.0017,-0.0531,0.000,60.000,1,20,69.0188,0.1718,120.000,60.000,1,30,69.0211,-0.0819,240.000,60.000,0,40,0.0,0.0,360.000,60.000,I,1,11,4.7001,0.0001,0.000,60.000,1,21,2.3508,0.0076,180.000,60.000,1,31,2.3507,0.0009,180.000,60.000,BI,0000000000,BO,000000,EV,0,T,0.9268,T01,0.0,T02,0.0,T03,0.0,T04,0.0,T05,0.0,T06,0.0,T07,0.0,T08,0.0,T09,0.0,T10,0.0,P8000,1717,P8k2,0,VDC,NA,BootCnt:51,DCAP0,Tmax,39.75,12,SMRT,SSF:NA,43.52,48.03,;
04/10 11:35:16.373 (+    0) <<56308>>(RTS) Break
04/10 11:35:16.484 (+  111) <<56308>>(RTS) WRITE: QRYALL,
04/10 11:35:16.491 (+    7) <<56308>>(RTS) READ: V,1,10,69.0010,-0.0373,0.000,60.000,1,20,69.0012,-0.2043,120.000,60.000,1,30,68.9638,-0.1385,240.000,60.000,0,40,0.0,0.0,360.000,60.000,I,1,11,4.7001,0.0002,0.000,60.000,1,21,2.3507,-0.0083,180.000,60.000,1,31,2.3484,-0.0057,180.000,60.000,BI,0000000000,BO,000000,EV,0,T,1.0374,T01,0.0,T02,0.0,T03,0.0,T04,0.0,T05,0.0,T06,0.0,T07,0.0,T08,0.0,T09,0.0,T10,0.0,P8000,1718,P8k2,0,VDC,NA,BootCnt:51,DCAP0,Tmax,39.75,12,SMRT,SSF:NA,43.38,47.60,;
04/10 11:35:16.491 (+    0) <<56308>>(RTS) Currents OnOff:  1 1 1 4.750000   Amplitude 0.000000 Phase
04/10 11:35:16.491 (+    0) <<56308>>(RTS) Currents OnOff:  1 1 1 4.750000   Amplitude 180.000000 Phase
04/10 11:35:16.494 (+    3) <<56308>>(RTS) Currents OnOff:  1 1 1 4.750000   Amplitude 180.000000 Phase
04/10 11:35:16.496 (+    2) <<56308>>(RTS) WRITE: c1,a4.7500,d0,p0.000,f60.000,on,c2,a2.3750,d0,p180.000,f60.000,on,c3,a2.3750,d0,p180.000,f60.000,on,TR,TSOSTA;
04/10 11:35:16.663 (+  167) <<56308>>(RTS) WRITE: QRYALL,
04/10 11:35:16.663 (+    0) <<56308>>(RTS) READ: V,1,10,69.0404,-0.7643,0.000,60.000,1,20,69.0076,-0.3703,120.000,60.000,1,30,69.0837,-0.4856,240.000,60.000,0,40,0.0,0.0,360.000,60.000,I,1,11,4.7515,0.0002,0.000,60.000,1,21,2.3753,0.0135,180.000,60.000,1,31,2.3775,0.0017,180.000,60.000,BI,0000000000,BO,000000,EV,0,T,0.1082,T01,0.0,T02,0.0,T03,0.0,T04,0.0,T05,0.0,T06,0.0,T07,0.0,T08,0.0,T09,0.0,T10,0.0,P8000,1740,P8k2,0,VDC,NA,BootCnt:51,DCAP0,Tmax,39.75,12,SMRT,SSF:NA,43.43,64.60,;
04/10 11:35:16.822 (+  159) <<56308>>(RTS) WRITE: QRYALL,
04/10 11:35:16.822 (+    0) <<56308>>(RTS) READ: V,1,10,68.9988,-0.4702,0.000,60.000,1,20,68.9967,-0.5645,120.000,60.000,1,30,69.0009,-0.6078,240.000,60.000,0,40,0.0,0.0,360.000,60.000,I,1,11,4.7499,0.0000,0.000,60.000,1,21,2.3743,-0.0072,180.000,60.000,1,31,2.3745,-0.0098,180.000,60.000,BI,0000000000,BO,000000,EV,0,T,0.2663,T01,0.0,T02,0.0,T03,0.0,T04,0.0,T05,0.0,T06,0.0,T07,0.0,T08,0.0,T09,0.0,T10,0.0,P8000,1741,P8k2,0,VDC,NA,BootCnt:51,DCAP0,Tmax,39.75,12,SMRT,SSF:NA,43.50,48.88,;
04/10 11:35:16.822 (+    0) <<56308>>(RTS) bInPrefaultWait = 0, PrefaultMillis = 0.000000, EventCount = -1, DeltaTime = 47, WaitTime = 500 TempTime = 112
04/10 11:35:16.980 (+  158) <<56308>>(RTS) WRITE: QRYALL,
04/10 11:35:16.984 (+    4) <<56308>>(RTS) READ: V,1,10,68.9990,-0.2890,0.000,60.000,1,20,68.9941,-0.3284,120.000,60.000,1,30,68.9683,-0.0773,240.000,60.000,0,40,0.0,0.0,360.000,60.000,I,1,11,4.7501,0.0000,0.000,60.000,1,21,2.3755,-0.0009,180.000,60.000,1,31,2.3741,0.0069,180.000,60.000,BI,0000000000,BO,000000,EV,0,T,0.4250,T01,0.0,T02,0.0,T03,0.0,T04,0.0,T05,0.0,T06,0.0,T07,0.0,T08,0.0,T09,0.0,T10,0.0,P8000,1742,P8k2,0,VDC,NA,BootCnt:51,DCAP0,Tmax,39.75,12,SMRT,SSF:NA,43.53,48.03,;
04/10 11:35:16.984 (+    0) <<56308>>(RTS) bInPrefaultWait = 0, PrefaultMillis = 0.000000, EventCount = -1, DeltaTime = 206, WaitTime = 500 TempTime = 115
04/10 11:35:17.139 (+  155) <<56308>>(RTS) WRITE: QRYALL,
04/10 11:35:17.139 (+    0) <<56308>>(RTS) READ: V,1,10,68.9999,-0.1730,0.000,60.000,1,20,68.9922,0.1014,120.000,60.000,1,30,69.0163,-0.0609,240.000,60.000,0,40,0.0,0.0,360.000,60.000,I,1,11,4.7500,-0.0000,0.000,60.000,1,21,2.3743,0.0094,180.000,60.000,1,31,2.3757,0.0010,180.000,60.000,BI,0000000000,BO,000000,EV,0,T,0.5839,T01,0.0,T02,0.0,T03,0.0,T04,0.0,T05,0.0,T06,0.0,T07,0.0,T08,0.0,T09,0.0,T10,0.0,P8000,1743,P8k2,0,VDC,NA,BootCnt:51,DCAP0,Tmax,39.75,12,SMRT,SSF:NA,43.55,48.03,;
04/10 11:35:17.139 (+    0) <<56308>>(RTS) bInPrefaultWait = 0, PrefaultMillis = 0.000000, EventCount = -1, DeltaTime = 365, WaitTime = 500 TempTime = 111
04/10 11:35:17.297 (+  158) <<56308>>(RTS) WRITE: QRYALL,
04/10 11:35:17.297 (+    0) <<56308>>(RTS) READ: V,1,10,68.9973,-0.1019,0.000,60.000,1,20,68.9933,-0.2070,120.000,60.000,1,30,68.9842,-0.1224,240.000,60.000,0,40,0.0,0.0,360.000,60.000,I,1,11,4.7498,0.0002,0.000,60.000,1,21,2.3743,-0.0056,180.000,60.000,1,31,2.3743,0.0009,180.000,60.000,BI,0000000000,BO,000000,EV,0,T,0.7421,T01,0.0,T02,0.0,T03,0.0,T04,0.0,T05,0.0,T06,0.0,T07,0.0,T08,0.0,T09,0.0,T10,0.0,P8000,1744,P8k2,0,VDC,NA,BootCnt:51,DCAP0,Tmax,39.75,12,SMRT,SSF:NA,44.16,48.03,;
04/10 11:35:17.297 (+    0) <<56308>>(RTS) bInPrefaultWait = 0, PrefaultMillis = 0.000000, EventCount = -1, DeltaTime = 523, WaitTime = 500 TempTime = 111
04/10 11:35:17.297 (+    0) <<56308>>(RTS) Inside Conditional
04/10 11:35:17.456 (+  159) <<56308>>(RTS) WRITE: QRYALL,
04/10 11:35:17.456 (+    0) <<56308>>(RTS) READ: V,1,10,68.9953,-0.0639,0.000,60.000,1,20,68.9897,-0.0096,120.000,60.000,1,30,68.9753,0.1242,240.000,60.000,0,40,0.0,0.0,360.000,60.000,I,1,11,4.7499,0.0002,0.000,60.000,1,21,2.3752,0.0042,180.000,60.000,1,31,2.3745,0.0079,180.000,60.000,BI,0000000000,BO,000000,EV,0,T,0.9004,T01,0.0,T02,0.0,T03,0.0,T04,0.0,T05,0.0,T06,0.0,T07,0.0,T08,0.0,T09,0.0,T10,0.0,P8000,1745,P8k2,0,VDC,NA,BootCnt:51,DCAP0,Tmax,39.75,12,SMRT,SSF:NA,43.17,49.30,;
04/10 11:35:17.456 (+    0) <<56308>>(RTS) Break
04/10 11:35:17.568 (+  112) <<56308>>(RTS) WRITE: QRYALL,
04/10 11:35:17.568 (+    0) <<56308>>(RTS) READ: V,1,10,69.0008,-0.0406,0.000,60.000,1,20,69.0077,0.2418,120.000,60.000,1,30,69.0191,-0.2542,240.000,60.000,0,40,0.0,0.0,360.000,60.000,I,1,11,4.7501,-0.0000,0.000,60.000,1,21,2.3746,0.0107,180.000,60.000,1,31,2.3755,-0.0091,180.000,60.000,BI,0000000000,BO,000000,EV,0,T,1.0123,T01,0.0,T02,0.0,T03,0.0,T04,0.0,T05,0.0,T06,0.0,T07,0.0,T08,0.0,T09,0.0,T10,0.0,P8000,1746,P8k2,0,VDC,NA,BootCnt:51,DCAP0,Tmax,39.75,12,SMRT,SSF:NA,43.22,48.03,;
04/10 11:35:17.568 (+    0) <<56308>>(RTS) Currents OnOff:  1 1 1 4.800000   Amplitude 0.000000 Phase
04/10 11:35:17.568 (+    0) <<56308>>(RTS) Currents OnOff:  1 1 1 4.800000   Amplitude 180.000000 Phase
04/10 11:35:17.568 (+    0) <<56308>>(RTS) Currents OnOff:  1 1 1 4.800000   Amplitude 180.000000 Phase
04/10 11:35:17.568 (+    0) <<56308>>(RTS) WRITE: c1,a4.8000,d0,p0.000,f60.000,on,c2,a2.4000,d0,p180.000,f60.000,on,c3,a2.4000,d0,p180.000,f60.000,on,TR,TSOSTA;
04/10 11:35:17.742 (+  174) <<56308>>(RTS) WRITE: QRYALL,
04/10 11:35:17.742 (+    0) <<56308>>(RTS) READ: V,1,10,69.0366,-0.7676,0.000,60.000,1,20,69.0003,-0.8613,120.000,60.000,1,30,69.0560,-0.7668,240.000,60.000,0,40,0.0,0.0,360.000,60.000,I,1,11,4.8013,0.0000,0.000,60.000,1,21,2.4000,-0.0091,180.000,60.000,1,31,2.4015,-0.0088,180.000,60.000,BI,0000000000,BO,000000,EV,0,T,0.1053,T01,0.0,T02,0.0,T03,0.0,T04,0.0,T05,0.0,T06,0.0,T07,0.0,T08,0.0,T09,0.0,T10,0.0,P8000,1768,P8k2,0,VDC,NA,BootCnt:51,DCAP0,Tmax,39.50,12,SMRT,SSF:NA,43.68,64.60,;
04/10 11:35:17.902 (+  160) <<56308>>(RTS) WRITE: QRYALL,
04/10 11:35:17.902 (+    0) <<56308>>(RTS) READ: V,1,10,68.9939,-0.4694,0.000,60.000,1,20,68.9952,-0.1003,120.000,60.000,1,30,68.9844,-0.3708,240.000,60.000,0,40,0.0,0.0,360.000,60.000,I,1,11,4.7998,-0.0000,0.000,60.000,1,21,2.4001,0.0109,180.000,60.000,1,31,2.3990,0.0011,180.000,60.000,BI,0000000000,BO,000000,EV,0,T,0.2650,T01,0.0,T02,0.0,T03,0.0,T04,0.0,T05,0.0,T06,0.0,T07,0.0,T08,0.0,T09,0.0,T10,0.0,P8000,1769,P8k2,0,VDC,NA,BootCnt:51,DCAP0,Tmax,39.50,12,SMRT,SSF:NA,43.31,48.88,;
04/10 11:35:17.902 (+    0) <<56308>>(RTS) bInPrefaultWait = 0, PrefaultMillis = 0.000000, EventCount = -1, DeltaTime = 38, WaitTime = 500 TempTime = 112
04/10 11:35:18.061 (+  159) <<56308>>(RTS) WRITE: QRYALL,
04/10 11:35:18.061 (+    0) <<56308>>(RTS) READ: V,1,10,68.9974,-0.2858,0.000,60.000,1,20,68.9998,-0.3697,120.000,60.000,1,30,68.9987,0.0075,240.000,60.000,0,40,0.0,0.0,360.000,60.000,I,1,11,4.7999,-0.0000,0.000,60.000,1,21,2.3998,-0.0079,180.000,60.000,1,31,2.4005,0.0072,180.000,60.000,BI,0000000001,BO,000000,EV,0,T,0.3313,T01,0.0,T02,0.0,T03,0.0,T04,0.0,T05,0.0,T06,0.0,T07,0.0,T08,0.0,T09,0.0,T10,0.0,P8000,1770,P8k2,0,VDC,NA,BootCnt:51,DCAP0,Tmax,39.50,12,SMRT,SSF:NA,44.13,47.60,;
04/10 11:35:18.061 (+    0) <<56308>>(RTS) bInPrefaultWait = 0, PrefaultMillis = 0.000000, EventCount = -1, DeltaTime = 197, WaitTime = 500 TempTime = 112
04/10 11:35:18.061 (+    0) <<56308>>(RTS) AllOff()
04/10 11:35:18.061 (+    0) <<56308>>(RTS) WRITE: V0C0,a0;
04/10 11:35:18.173 (+  112) <<56308>>(RTS) WRITE: QHS,
04/10 11:35:18.173 (+    0) <<56308>>(RTS) READ: ACK;
04/10 11:35:18.173 (+    0) <<56308>>(RTS) sleeping 100ms
04/10 11:35:18.285 (+  112) <<56308>>(RTS) WRITE: C0,off,V0,off;
04/10 11:35:18.285 (+    0) <<56308>>(RTS) sleeping 100ms
04/10 11:35:18.396 (+  111) <<56308>>(RTS) WRITE: V1,S,V2,S,V3,S,V4,S,C1,S,C2,S,C3,S;
04/10 11:35:18.396 (+    0) <<56308>>(RTS) sleeping 100ms
04/10 11:35:18.507 (+  111) <<56308>>(RTS) AllOff()
04/10 11:35:18.507 (+    0) <<56308>>(RTS) WRITE: V0C0,a0;
04/10 11:35:18.618 (+  111) <<56308>>(RTS) WRITE: QHS,
04/10 11:35:18.618 (+    0) <<56308>>(RTS) READ: ACK;
04/10 11:35:18.618 (+    0) <<56308>>(RTS) sleeping 100ms
04/10 11:35:18.729 (+  111) <<56308>>(RTS) WRITE: C0,off,V0,off;
04/10 11:35:18.729 (+    0) <<56308>>(RTS) sleeping 100ms
04/10 11:35:18.840 (+  111) <<56308>>(RTS) WRITE: V1,S,V2,S,V3,S,V4,S,C1,S,C2,S,C3,S;
04/10 11:35:18.841 (+    1) <<56308>>(RTS) sleeping 100ms
04/10 11:35:18.968 (+  127) <<56308>>(RTS) Start OnUpdatePickup()
